2020-06-02 16:25:02.3780 MSBMS.Services.CheckinCheckoutService Exception at CheckinCheckoutServicesSystem.Data.SqlClient.SqlException (0x80131904): The INSERT statement conflicted with the FOREIGN KEY constraint "FK_current_lending_borrowers". The conflict occurred in database "sbms", table "dbo.contacts", column 'id'.
The statement has been terminated.
   at System.Data.SqlClient.SqlConnection.OnError(SqlException exception, Boolean breakConnection, Action`1 wrapCloseInAction)
   at System.Data.SqlClient.SqlInternalConnection.OnError(SqlException exception, Boolean breakConnection, Action`1 wrapCloseInAction)
   at System.Data.SqlClient.TdsParser.ThrowExceptionAndWarning(TdsParserStateObject stateObj, Boolean callerHasConnectionLock, Boolean asyncClose)
   at System.Data.SqlClient.TdsParser.TryRun(RunBehavior runBehavior, SqlCommand cmdHandler, SqlDataReader dataStream, BulkCopySimpleResultSet bulkCopyHandler, TdsParserStateObject stateObj, Boolean& dataReady)
   at System.Data.SqlClient.SqlCommand.FinishExecuteReader(SqlDataReader ds, RunBehavior runBehavior, String resetOptionsString, Boolean isInternal, Boolean forDescribeParameterEncryption, Boolean shouldCacheForAlwaysEncrypted)
   at System.Data.SqlClient.SqlCommand.RunExecuteReaderTds(CommandBehavior cmdBehavior, RunBehavior runBehavior, Boolean returnStream, Boolean async, Int32 timeout, Task& task, Boolean asyncWrite, Boolean inRetry, SqlDataReader ds, Boolean describeParameterEncryptionRequest)
   at System.Data.SqlClient.SqlCommand.RunExecuteReader(CommandBehavior cmdBehavior, RunBehavior runBehavior, Boolean returnStream, String method, TaskCompletionSource`1 completion, Int32 timeout, Task& task, Boolean& usedCache, Boolean asyncWrite, Boolean inRetry)
   at System.Data.SqlClient.SqlCommand.InternalExecuteNonQuery(TaskCompletionSource`1 completion, String methodName, Boolean sendToPipe, Int32 timeout, Boolean& usedCache, Boolean asyncWrite, Boolean inRetry)
   at System.Data.SqlClient.SqlCommand.ExecuteNonQuery()
   at MSBMS.Services.CheckinCheckoutService.checkoutbySlideNoneExchange(Int32 borrower_id, List`1 ids, DateTime fromDate, DateTime dueDate, String reason) in C:\Users\daniel\source\repos\slide-bank-managemnt-system\SBMS\Services\CheckinCheckoutService.cs:line 112
ClientConnectionId:09fd63b4-a0c9-4147-bce3-72259cf77481
Error Number:547,State:0,Class:16
2020-06-02 16:25:31.6914 MSBMS.Selection checkout started ids are not null: 
2020-06-02 16:31:55.0202 MSBMS.Program importing defaults
2020-06-02 16:31:55.1932 MSBMS.Program Default is found proceeding.
2020-06-02 16:32:18.6528 MSBMS.Selection Search Result for  count:1
2020-06-02 16:32:25.0493 MSBMS.Selection checkout started ids are not null: 
2020-06-02 16:32:28.4133 MSBMS.Services.CheckinCheckoutService Exception at CheckinCheckoutServicesSystem.Data.SqlClient.SqlException (0x80131904): The INSERT statement conflicted with the FOREIGN KEY constraint "FK_current_lending_contacts". The conflict occurred in database "sbms", table "dbo.contacts", column 'id'.
The statement has been terminated.
   at System.Data.SqlClient.SqlConnection.OnError(SqlException exception, Boolean breakConnection, Action`1 wrapCloseInAction)
   at System.Data.SqlClient.SqlInternalConnection.OnError(SqlException exception, Boolean breakConnection, Action`1 wrapCloseInAction)
   at System.Data.SqlClient.TdsParser.ThrowExceptionAndWarning(TdsParserStateObject stateObj, Boolean callerHasConnectionLock, Boolean asyncClose)
   at System.Data.SqlClient.TdsParser.TryRun(RunBehavior runBehavior, SqlCommand cmdHandler, SqlDataReader dataStream, BulkCopySimpleResultSet bulkCopyHandler, TdsParserStateObject stateObj, Boolean& dataReady)
   at System.Data.SqlClient.SqlCommand.FinishExecuteReader(SqlDataReader ds, RunBehavior runBehavior, String resetOptionsString, Boolean isInternal, Boolean forDescribeParameterEncryption, Boolean shouldCacheForAlwaysEncrypted)
   at System.Data.SqlClient.SqlCommand.RunExecuteReaderTds(CommandBehavior cmdBehavior, RunBehavior runBehavior, Boolean returnStream, Boolean async, Int32 timeout, Task& task, Boolean asyncWrite, Boolean inRetry, SqlDataReader ds, Boolean describeParameterEncryptionRequest)
   at System.Data.SqlClient.SqlCommand.RunExecuteReader(CommandBehavior cmdBehavior, RunBehavior runBehavior, Boolean returnStream, String method, TaskCompletionSource`1 completion, Int32 timeout, Task& task, Boolean& usedCache, Boolean asyncWrite, Boolean inRetry)
   at System.Data.SqlClient.SqlCommand.InternalExecuteNonQuery(TaskCompletionSource`1 completion, String methodName, Boolean sendToPipe, Int32 timeout, Boolean& usedCache, Boolean asyncWrite, Boolean inRetry)
   at System.Data.SqlClient.SqlCommand.ExecuteNonQuery()
   at MSBMS.Services.CheckinCheckoutService.checkoutbySlideNoneExchange(Int32 borrower_id, List`1 ids, DateTime fromDate, DateTime dueDate, String reason) in C:\Users\daniel\source\repos\slide-bank-managemnt-system\SBMS\Services\CheckinCheckoutService.cs:line 112
ClientConnectionId:54617be7-02e0-435f-8bc9-cdd452a9bfcf
Error Number:547,State:0,Class:16
2020-06-02 16:38:47.0318 MSBMS.Selection Search Result for  count:1
2020-06-02 16:38:54.4271 MSBMS.Selection checkout started ids are not null: 
2020-06-02 16:43:10.7019 MSBMS.Program importing defaults
2020-06-02 16:43:10.8186 MSBMS.Program Default is found proceeding.
2020-06-02 16:43:30.1113 MSBMS.Selection Search Result for  count:1
2020-06-02 16:43:37.1077 MSBMS.Selection checkout started ids are not null: 
2020-06-02 16:43:50.8167 MSBMS.Services.CheckinCheckoutService Commit:Both records are written to database.
2020-06-02 16:43:57.8701 MSBMS.Reports.CrystalReports.SearchChekoutReportViewPort Checkout Report generation has some expectionsSystem.Data.SqlClient.SqlException (0x80131904): Invalid object name 'borrowers'.
   at System.Data.SqlClient.SqlConnection.OnError(SqlException exception, Boolean breakConnection, Action`1 wrapCloseInAction)
   at System.Data.SqlClient.SqlInternalConnection.OnError(SqlException exception, Boolean breakConnection, Action`1 wrapCloseInAction)
   at System.Data.SqlClient.TdsParser.ThrowExceptionAndWarning(TdsParserStateObject stateObj, Boolean callerHasConnectionLock, Boolean asyncClose)
   at System.Data.SqlClient.TdsParser.TryRun(RunBehavior runBehavior, SqlCommand cmdHandler, SqlDataReader dataStream, BulkCopySimpleResultSet bulkCopyHandler, TdsParserStateObject stateObj, Boolean& dataReady)
   at System.Data.SqlClient.SqlDataReader.TryConsumeMetaData()
   at System.Data.SqlClient.SqlDataReader.get_MetaData()
   at System.Data.SqlClient.SqlCommand.FinishExecuteReader(SqlDataReader ds, RunBehavior runBehavior, String resetOptionsString, Boolean isInternal, Boolean forDescribeParameterEncryption, Boolean shouldCacheForAlwaysEncrypted)
   at System.Data.SqlClient.SqlCommand.RunExecuteReaderTds(CommandBehavior cmdBehavior, RunBehavior runBehavior, Boolean returnStream, Boolean async, Int32 timeout, Task& task, Boolean asyncWrite, Boolean inRetry, SqlDataReader ds, Boolean describeParameterEncryptionRequest)
   at System.Data.SqlClient.SqlCommand.RunExecuteReader(CommandBehavior cmdBehavior, RunBehavior runBehavior, Boolean returnStream, String method, TaskCompletionSource`1 completion, Int32 timeout, Task& task, Boolean& usedCache, Boolean asyncWrite, Boolean inRetry)
   at System.Data.SqlClient.SqlCommand.RunExecuteReader(CommandBehavior cmdBehavior, RunBehavior runBehavior, Boolean returnStream, String method)
   at System.Data.SqlClient.SqlCommand.ExecuteReader(CommandBehavior behavior, String method)
   at System.Data.SqlClient.SqlCommand.ExecuteDbDataReader(CommandBehavior behavior)
   at System.Data.Common.DbCommand.System.Data.IDbCommand.ExecuteReader(CommandBehavior behavior)
   at System.Data.Common.DbDataAdapter.FillInternal(DataSet dataset, DataTable[] datatables, Int32 startRecord, Int32 maxRecords, String srcTable, IDbCommand command, CommandBehavior behavior)
   at System.Data.Common.DbDataAdapter.Fill(DataTable[] dataTables, Int32 startRecord, Int32 maxRecords, IDbCommand command, CommandBehavior behavior)
   at System.Data.Common.DbDataAdapter.Fill(DataTable dataTable)
   at MSBMS.Reports.CrystalReports.SearchChekoutReportViewPort.SearchChekoutReportViewPort_Load(Object sender, EventArgs e) in C:\Users\daniel\source\repos\slide-bank-managemnt-system\SBMS\Reports\CrystalReports\SearchChekoutReportViewPort.cs:line 50
ClientConnectionId:62225f58-deb0-46ed-be6b-f82eb5653bcd
Error Number:208,State:1,Class:16
2020-06-02 16:46:43.0374 MSBMS.Program importing defaults
2020-06-02 16:46:43.1610 MSBMS.Program Default is found proceeding.
2020-06-02 16:48:59.7119 MSBMS.Program importing defaults
2020-06-02 16:48:59.8422 MSBMS.Program Default is found proceeding.
