2020-05-07 00:02:48.4778 SBMS.Program importing defaults
2020-05-07 00:02:48.5905 SBMS.Program Default is found proceeding.
2020-05-07 00:02:59.7706 SBMS.Selection Search Result for  count:3
2020-05-07 00:03:05.2260 SBMS.Selection Search Result for  count:3
2020-05-07 00:04:03.1281 SBMS.Program importing defaults
2020-05-07 00:04:03.2787 SBMS.Program Default is found proceeding.
2020-05-07 00:04:08.0899 SBMS.Selection Search Result for  count:1
2020-05-07 00:04:09.3285 SBMS.Selection Search Result for  count:1
2020-05-07 00:04:09.8821 SBMS.Selection Search Result for  count:1
2020-05-07 00:04:10.0885 SBMS.Selection Search Result for  count:1
2020-05-07 00:04:10.2620 SBMS.Selection Search Result for  count:1
2020-05-07 00:04:10.4595 SBMS.Selection Search Result for  count:1
2020-05-07 00:04:10.6570 SBMS.Selection Search Result for  count:1
2020-05-07 00:04:13.7747 SBMS.Selection Search Result for  count:3
2020-05-07 00:04:20.5626 SBMS.Selection Search Result for  count:4
2020-05-07 00:04:25.3567 SBMS.Selection Search Result for  count:5
2020-05-07 00:04:29.3151 SBMS.Selection Search Result for  count:3
2020-05-07 00:15:33.3943 SBMS.Selection Search Result for  count:1
2020-05-07 00:15:34.4824 SBMS.Selection Search Result for  count:1
2020-05-07 00:15:36.0043 SBMS.Selection Search Result for  count:1
2020-05-07 00:15:40.9760 SBMS.Selection Search Result for  count:1
2020-05-07 00:15:41.6193 SBMS.Selection Search Result for  count:1
2020-05-07 00:15:41.8307 SBMS.Selection Search Result for  count:1
2020-05-07 00:15:48.9288 SBMS.Selection Search Result for  count:1
2020-05-07 00:17:01.7440 SBMS.Selection Search Result for  count:1
2020-05-07 00:19:42.6269 SBMS.Program importing defaults
2020-05-07 00:19:42.7186 SBMS.Program Default is found proceeding.
2020-05-07 00:19:46.5354 SBMS.Selection Search Result for  count:0
2020-05-07 00:19:47.8190 SBMS.Selection Search Result for  count:0
2020-05-07 00:19:56.4240 SBMS.Selection Search Result for  count:1
2020-05-07 00:21:04.9671 SBMS.Program importing defaults
2020-05-07 00:21:05.0619 SBMS.Program Default is found proceeding.
2020-05-07 00:21:10.1553 SBMS.Selection Search Result for  count:0
2020-05-07 00:21:16.9231 SBMS.Selection Search Result for  count:1
2020-05-07 00:21:22.5891 SBMS.Selection Search Result for  count:1
2020-05-07 00:21:30.8111 SBMS.Selection Search Result for  count:1
2020-05-07 00:23:52.7486 SBMS.Program importing defaults
2020-05-07 00:23:52.8643 SBMS.Program Default is found proceeding.
2020-05-07 00:23:56.6751 SBMS.Selection Search Result for  count:0
2020-05-07 00:24:01.9919 SBMS.Selection Search Result for  count:1
2020-05-07 00:24:11.1882 SBMS.Selection Search Result for  count:1
2020-05-07 00:26:31.5707 SBMS.Program importing defaults
2020-05-07 00:26:31.6675 SBMS.Program Default is found proceeding.
2020-05-07 00:26:41.2369 SBMS.Selection Search Result for  count:0
2020-05-07 00:26:50.3416 SBMS.Selection Search Result for  count:1
2020-05-07 00:27:03.7686 SBMS.Selection Search Result for  count:0
2020-05-07 00:27:11.4570 SBMS.Selection Search Result for  count:1
2020-05-07 00:27:28.6875 SBMS.Selection Search Result for  count:0
2020-05-07 00:29:12.9955 SBMS.Selection Search Result for  count:0
2020-05-07 09:00:10.5006 SBMS.Program importing defaults
2020-05-07 09:00:11.4468 SBMS.Program Default is found proceeding.
2020-05-07 09:06:06.3131 SBMS.Program importing defaults
2020-05-07 09:06:06.8458 SBMS.Program Default is found proceeding.
2020-05-07 09:06:36.1422 SBMS.Program importing defaults
2020-05-07 09:06:36.9188 SBMS.Program Default is found proceeding.
2020-05-07 09:08:10.6896 SBMS.Selection Search Result for daniel adenew count:1
2020-05-07 09:08:32.1016 SBMS.Services.ReplacementServices Replacment : Rollback Exception Type: {0}System.Data.SqlClient.SqlExceptionSystem.Data.SqlClient.SqlException (0x80131904): Invalid column name 'damaged_slide_id'.
   at System.Data.SqlClient.SqlConnection.OnError(SqlException exception, Boolean breakConnection, Action`1 wrapCloseInAction)
   at System.Data.SqlClient.SqlInternalConnection.OnError(SqlException exception, Boolean breakConnection, Action`1 wrapCloseInAction)
   at System.Data.SqlClient.TdsParser.ThrowExceptionAndWarning(TdsParserStateObject stateObj, Boolean callerHasConnectionLock, Boolean asyncClose)
   at System.Data.SqlClient.TdsParser.TryRun(RunBehavior runBehavior, SqlCommand cmdHandler, SqlDataReader dataStream, BulkCopySimpleResultSet bulkCopyHandler, TdsParserStateObject stateObj, Boolean& dataReady)
   at System.Data.SqlClient.SqlCommand.FinishExecuteReader(SqlDataReader ds, RunBehavior runBehavior, String resetOptionsString, Boolean isInternal, Boolean forDescribeParameterEncryption, Boolean shouldCacheForAlwaysEncrypted)
   at System.Data.SqlClient.SqlCommand.RunExecuteReaderTds(CommandBehavior cmdBehavior, RunBehavior runBehavior, Boolean returnStream, Boolean async, Int32 timeout, Task& task, Boolean asyncWrite, Boolean inRetry, SqlDataReader ds, Boolean describeParameterEncryptionRequest)
   at System.Data.SqlClient.SqlCommand.RunExecuteReader(CommandBehavior cmdBehavior, RunBehavior runBehavior, Boolean returnStream, String method, TaskCompletionSource`1 completion, Int32 timeout, Task& task, Boolean& usedCache, Boolean asyncWrite, Boolean inRetry)
   at System.Data.SqlClient.SqlCommand.InternalExecuteNonQuery(TaskCompletionSource`1 completion, String methodName, Boolean sendToPipe, Int32 timeout, Boolean& usedCache, Boolean asyncWrite, Boolean inRetry)
   at System.Data.SqlClient.SqlCommand.ExecuteNonQuery()
   at SBMS.Services.ReplacementServices.ReplaceSlides(Int32 damgaged_slide_id, Int32 reserved_slide_id) in C:\Users\daniel\source\repos\slide-bank-managemnt-system\SBMS\Services\ReplacementServices.cs:line 49
ClientConnectionId:6db88b86-9124-4518-9759-b3cbfea87018
Error Number:207,State:1,Class:16
2020-05-07 09:09:20.0479 SBMS.Checkin System can not find borrowed slide with the bardcode
2020-05-07 09:14:25.4889 SBMS.Program importing defaults
2020-05-07 09:14:26.0175 SBMS.Program Default is found proceeding.
2020-05-07 09:16:12.2830 SBMS.Program importing defaults
2020-05-07 09:16:12.9934 SBMS.Program Default is found proceeding.
2020-05-07 09:24:45.5895 SBMS.Selection    at System.Windows.Forms.NumericUpDown.set_Value(Decimal value)
   at SBMS.Selection.btn_dayCalculaor_Click(Object sender, EventArgs e) in C:\Users\daniel\source\repos\slide-bank-managemnt-system\SBMS\Selection.cs:line 475
2020-05-07 09:24:46.4110 SBMS.Selection    at System.Windows.Forms.NumericUpDown.set_Value(Decimal value)
   at SBMS.Selection.btn_dayCalculaor_Click(Object sender, EventArgs e) in C:\Users\daniel\source\repos\slide-bank-managemnt-system\SBMS\Selection.cs:line 475
2020-05-07 09:24:52.8313 SBMS.Selection    at System.Windows.Forms.NumericUpDown.set_Value(Decimal value)
   at SBMS.Selection.btn_dayCalculaor_Click(Object sender, EventArgs e) in C:\Users\daniel\source\repos\slide-bank-managemnt-system\SBMS\Selection.cs:line 475
2020-05-07 09:24:54.0416 SBMS.Selection    at System.Windows.Forms.NumericUpDown.set_Value(Decimal value)
   at SBMS.Selection.btn_dayCalculaor_Click(Object sender, EventArgs e) in C:\Users\daniel\source\repos\slide-bank-managemnt-system\SBMS\Selection.cs:line 475
2020-05-07 09:24:57.0820 SBMS.Selection    at System.Windows.Forms.NumericUpDown.set_Value(Decimal value)
   at SBMS.Selection.btn_dayCalculaor_Click(Object sender, EventArgs e) in C:\Users\daniel\source\repos\slide-bank-managemnt-system\SBMS\Selection.cs:line 475
2020-05-07 09:25:10.2662 SBMS.Selection    at System.Windows.Forms.NumericUpDown.set_Value(Decimal value)
   at SBMS.Selection.btn_dayCalculaor_Click(Object sender, EventArgs e) in C:\Users\daniel\source\repos\slide-bank-managemnt-system\SBMS\Selection.cs:line 475
2020-05-07 09:25:11.1113 SBMS.Selection    at System.Windows.Forms.NumericUpDown.set_Value(Decimal value)
   at SBMS.Selection.btn_dayCalculaor_Click(Object sender, EventArgs e) in C:\Users\daniel\source\repos\slide-bank-managemnt-system\SBMS\Selection.cs:line 475
2020-05-07 09:25:13.3618 SBMS.Selection    at System.Windows.Forms.NumericUpDown.set_Value(Decimal value)
   at SBMS.Selection.btn_dayCalculaor_Click(Object sender, EventArgs e) in C:\Users\daniel\source\repos\slide-bank-managemnt-system\SBMS\Selection.cs:line 475
2020-05-07 09:25:13.9068 SBMS.Selection    at System.Windows.Forms.NumericUpDown.set_Value(Decimal value)
   at SBMS.Selection.btn_dayCalculaor_Click(Object sender, EventArgs e) in C:\Users\daniel\source\repos\slide-bank-managemnt-system\SBMS\Selection.cs:line 475
2020-05-07 09:25:21.4404 SBMS.Selection    at System.Windows.Forms.NumericUpDown.set_Value(Decimal value)
   at SBMS.Selection.btn_dayCalculaor_Click(Object sender, EventArgs e) in C:\Users\daniel\source\repos\slide-bank-managemnt-system\SBMS\Selection.cs:line 475
2020-05-07 09:25:22.2584 SBMS.Selection    at System.Windows.Forms.NumericUpDown.set_Value(Decimal value)
   at SBMS.Selection.btn_dayCalculaor_Click(Object sender, EventArgs e) in C:\Users\daniel\source\repos\slide-bank-managemnt-system\SBMS\Selection.cs:line 475
2020-05-07 09:48:26.1279 SBMS.Program importing defaults
2020-05-07 09:48:26.6505 SBMS.Program Default is found proceeding.
2020-05-07 09:51:54.9982 SBMS.Selection Search Result for daniel adenew count:0
2020-05-07 09:52:11.5859 SBMS.Selection Search Result for daniel adenew count:1
2020-05-07 09:52:24.3048 SBMS.Selection Search Result for daniel adenew count:1
2020-05-07 09:52:35.7220 SBMS.Selection Search Result for daniel adenew count:3
2020-05-07 09:52:42.3802 SBMS.Selection Search Result for daniel adenew count:4
2020-05-07 09:53:04.8282 SBMS.Selection    at System.Windows.Forms.NumericUpDown.set_Value(Decimal value)
   at SBMS.Selection.btn_dayCalculaor_Click(Object sender, EventArgs e) in C:\Users\daniel\source\repos\slide-bank-managemnt-system\SBMS\Selection.cs:line 475
