2020-05-14 14:53:47.7272 SBMS.Program see application log error for the cause of this error 
System.Data.SqlClient.SqlException (0x80131904): The SELECT permission was denied on the object 'borrowers', database 'sbms', schema 'dbo'.
   at System.Data.SqlClient.SqlConnection.OnError(SqlException exception, Boolean breakConnection, Action`1 wrapCloseInAction)
   at System.Data.SqlClient.SqlInternalConnection.OnError(SqlException exception, Boolean breakConnection, Action`1 wrapCloseInAction)
   at System.Data.SqlClient.TdsParser.ThrowExceptionAndWarning(TdsParserStateObject stateObj, Boolean callerHasConnectionLock, Boolean asyncClose)
   at System.Data.SqlClient.TdsParser.TryRun(RunBehavior runBehavior, SqlCommand cmdHandler, SqlDataReader dataStream, BulkCopySimpleResultSet bulkCopyHandler, TdsParserStateObject stateObj, Boolean& dataReady)
   at System.Data.SqlClient.SqlDataReader.TryConsumeMetaData()
   at System.Data.SqlClient.SqlDataReader.get_MetaData()
   at System.Data.SqlClient.SqlCommand.FinishExecuteReader(SqlDataReader ds, RunBehavior runBehavior, String resetOptionsString, Boolean isInternal, Boolean forDescribeParameterEncryption, Boolean shouldCacheForAlwaysEncrypted)
   at System.Data.SqlClient.SqlCommand.RunExecuteReaderTds(CommandBehavior cmdBehavior, RunBehavior runBehavior, Boolean returnStream, Boolean async, Int32 timeout, Task& task, Boolean asyncWrite, Boolean inRetry, SqlDataReader ds, Boolean describeParameterEncryptionRequest)
   at System.Data.SqlClient.SqlCommand.RunExecuteReader(CommandBehavior cmdBehavior, RunBehavior runBehavior, Boolean returnStream, String method, TaskCompletionSource`1 completion, Int32 timeout, Task& task, Boolean& usedCache, Boolean asyncWrite, Boolean inRetry)
   at System.Data.SqlClient.SqlCommand.RunExecuteReader(CommandBehavior cmdBehavior, RunBehavior runBehavior, Boolean returnStream, String method)
   at System.Data.SqlClient.SqlCommand.ExecuteReader(CommandBehavior behavior, String method)
   at System.Data.SqlClient.SqlCommand.ExecuteDbDataReader(CommandBehavior behavior)
   at System.Data.Common.DbCommand.System.Data.IDbCommand.ExecuteReader(CommandBehavior behavior)
   at System.Data.Common.DbDataAdapter.FillInternal(DataSet dataset, DataTable[] datatables, Int32 startRecord, Int32 maxRecords, String srcTable, IDbCommand command, CommandBehavior behavior)
   at System.Data.Common.DbDataAdapter.Fill(DataTable[] dataTables, Int32 startRecord, Int32 maxRecords, IDbCommand command, CommandBehavior behavior)
   at System.Data.Common.DbDataAdapter.Fill(DataTable dataTable)
   at SBMS.Services.ImportDefaultsService.CheckIfDefaultExisits()
   at SBMS.Program.Main()
ClientConnectionId:51d131b7-85bb-4591-a49d-80d5980fc3a9
Error Number:229,State:5,Class:14
2020-05-14 14:54:01.8594 SBMS.Program importing defaults
2020-05-14 14:54:05.1885 SBMS.Program see application log error for the cause of this error 
System.Data.SqlClient.SqlException (0x80131904): The SELECT permission was denied on the object 'borrowers', database 'sbms', schema 'dbo'.
   at System.Data.SqlClient.SqlConnection.OnError(SqlException exception, Boolean breakConnection, Action`1 wrapCloseInAction)
   at System.Data.SqlClient.SqlInternalConnection.OnError(SqlException exception, Boolean breakConnection, Action`1 wrapCloseInAction)
   at System.Data.SqlClient.TdsParser.ThrowExceptionAndWarning(TdsParserStateObject stateObj, Boolean callerHasConnectionLock, Boolean asyncClose)
   at System.Data.SqlClient.TdsParser.TryRun(RunBehavior runBehavior, SqlCommand cmdHandler, SqlDataReader dataStream, BulkCopySimpleResultSet bulkCopyHandler, TdsParserStateObject stateObj, Boolean& dataReady)
   at System.Data.SqlClient.SqlDataReader.TryConsumeMetaData()
   at System.Data.SqlClient.SqlDataReader.get_MetaData()
   at System.Data.SqlClient.SqlCommand.FinishExecuteReader(SqlDataReader ds, RunBehavior runBehavior, String resetOptionsString, Boolean isInternal, Boolean forDescribeParameterEncryption, Boolean shouldCacheForAlwaysEncrypted)
   at System.Data.SqlClient.SqlCommand.RunExecuteReaderTds(CommandBehavior cmdBehavior, RunBehavior runBehavior, Boolean returnStream, Boolean async, Int32 timeout, Task& task, Boolean asyncWrite, Boolean inRetry, SqlDataReader ds, Boolean describeParameterEncryptionRequest)
   at System.Data.SqlClient.SqlCommand.RunExecuteReader(CommandBehavior cmdBehavior, RunBehavior runBehavior, Boolean returnStream, String method, TaskCompletionSource`1 completion, Int32 timeout, Task& task, Boolean& usedCache, Boolean asyncWrite, Boolean inRetry)
   at System.Data.SqlClient.SqlCommand.RunExecuteReader(CommandBehavior cmdBehavior, RunBehavior runBehavior, Boolean returnStream, String method)
   at System.Data.SqlClient.SqlCommand.ExecuteReader(CommandBehavior behavior, String method)
   at System.Data.SqlClient.SqlCommand.ExecuteDbDataReader(CommandBehavior behavior)
   at System.Data.Common.DbCommand.System.Data.IDbCommand.ExecuteReader(CommandBehavior behavior)
   at System.Data.Common.DbDataAdapter.FillInternal(DataSet dataset, DataTable[] datatables, Int32 startRecord, Int32 maxRecords, String srcTable, IDbCommand command, CommandBehavior behavior)
   at System.Data.Common.DbDataAdapter.Fill(DataTable[] dataTables, Int32 startRecord, Int32 maxRecords, IDbCommand command, CommandBehavior behavior)
   at System.Data.Common.DbDataAdapter.Fill(DataTable dataTable)
   at SBMS.Services.ImportDefaultsService.CheckIfDefaultExisits()
   at SBMS.Program.Main()
ClientConnectionId:b72b110a-3721-4ef8-ba0d-4e2df4d2bd64
Error Number:229,State:5,Class:14
2020-05-14 14:55:29.1978 SBMS.Program importing defaults
2020-05-14 14:55:29.8506 SBMS.Program Default is found proceeding.
2020-05-14 15:01:51.4809 SBMS.Program importing defaults
2020-05-14 15:01:53.3179 SBMS.Program Default is found proceeding.
2020-05-14 15:51:42.3667 SBMS.Program importing defaults
2020-05-14 15:51:43.2765 SBMS.Program Default is found proceeding.
2020-05-14 15:53:46.7957 SBMS.Program importing defaults
2020-05-14 15:53:47.4604 SBMS.Program Default is found proceeding.
2020-05-14 15:55:06.7079 SBMS.Program importing defaults
2020-05-14 15:55:06.9900 SBMS.Program Default is found proceeding.
2020-05-14 17:04:46.8851 SBMS.Program importing defaults
2020-05-14 17:04:51.0526 SBMS.Program Default is found proceeding.
2020-05-14 17:05:33.2664 SBMS.Program importing defaults
2020-05-14 17:05:33.7241 SBMS.Program Default is found proceeding.
2020-05-14 17:09:10.5230 SBMS.Selection Search Result for daniel adenew count:1
2020-05-14 17:09:38.5211 SBMS.Selection Search Result for daniel adenew count:3
2020-05-14 17:09:50.6820 SBMS.Selection Search Result for daniel adenew count:5
2020-05-14 17:10:12.7490 SBMS.Selection    at System.Windows.Forms.NumericUpDown.set_Value(Decimal value)
   at SBMS.Selection.btn_dayCalculaor_Click(Object sender, EventArgs e) in C:\Users\daniel\source\repos\slide-bank-managemnt-system\SBMS\Selection.cs:line 477
2020-05-14 17:10:13.5435 SBMS.Selection    at System.Windows.Forms.NumericUpDown.set_Value(Decimal value)
   at SBMS.Selection.btn_dayCalculaor_Click(Object sender, EventArgs e) in C:\Users\daniel\source\repos\slide-bank-managemnt-system\SBMS\Selection.cs:line 477
2020-05-14 17:10:14.1115 SBMS.Selection    at System.Windows.Forms.NumericUpDown.set_Value(Decimal value)
   at SBMS.Selection.btn_dayCalculaor_Click(Object sender, EventArgs e) in C:\Users\daniel\source\repos\slide-bank-managemnt-system\SBMS\Selection.cs:line 477
2020-05-14 17:10:15.0709 SBMS.Selection    at System.Windows.Forms.NumericUpDown.set_Value(Decimal value)
   at SBMS.Selection.btn_dayCalculaor_Click(Object sender, EventArgs e) in C:\Users\daniel\source\repos\slide-bank-managemnt-system\SBMS\Selection.cs:line 477
2020-05-14 17:10:17.4562 SBMS.Selection    at System.Windows.Forms.NumericUpDown.set_Value(Decimal value)
   at SBMS.Selection.btn_dayCalculaor_Click(Object sender, EventArgs e) in C:\Users\daniel\source\repos\slide-bank-managemnt-system\SBMS\Selection.cs:line 477
2020-05-14 17:11:01.9297 SBMS.Selection checkout successfull: daniel adenew
