2020-04-15 10:36:17.2318 SBMS.Checkin_Checkout Exception on Checkin FormSystem.InvalidOperationException: Invalid operation. The connection is closed.
   at System.Data.SqlClient.SqlConnection.GetOpenConnection()
   at System.Data.SqlClient.SqlConnection.BeginTransaction(IsolationLevel iso, String transactionName)
   at System.Data.SqlClient.SqlConnection.BeginTransaction(String transactionName)
   at SBMS.Services.CheckinCheckoutService.CheckinSlideIsOkay(String status, Int32 slide_id, Int32 current_lending_id) in C:\Users\daniel\source\repos\slide-bank-managemnt-system\SBMS\Services\CheckinCheckoutService.cs:line 115
   at SBMS.Checkin_Checkout.CheckinSlideOkay(String status) in C:\Users\daniel\source\repos\slide-bank-managemnt-system\SBMS\Checkin.cs:line 222
2020-04-15 10:36:19.7400 SBMS.Checkin_Checkout Successs: Checkin completed
2020-04-15 11:29:20.0993 SBMS.Checkin_Checkout Exception on Checkin FormSystem.InvalidOperationException: Invalid operation. The connection is closed.
   at System.Data.SqlClient.SqlConnection.GetOpenConnection()
   at System.Data.SqlClient.SqlConnection.BeginTransaction(IsolationLevel iso, String transactionName)
   at System.Data.SqlClient.SqlConnection.BeginTransaction(String transactionName)
   at SBMS.Services.CheckinCheckoutService.CheckinSlideIsOkay(String status, Int32 slide_id, Int32 current_lending_id) in C:\Users\daniel\source\repos\slide-bank-managemnt-system\SBMS\Services\CheckinCheckoutService.cs:line 115
   at SBMS.Checkin_Checkout.CheckinSlideOkay(String status) in C:\Users\daniel\source\repos\slide-bank-managemnt-system\SBMS\Checkin.cs:line 222
2020-04-15 11:29:22.3892 SBMS.Checkin_Checkout Successs: Checkin completed
2020-04-15 12:09:03.2865 SBMS.Checkin_Checkout Exception on Checkin FormSystem.InvalidOperationException: Invalid operation. The connection is closed.
   at System.Data.SqlClient.SqlConnection.GetOpenConnection()
   at System.Data.SqlClient.SqlConnection.BeginTransaction(IsolationLevel iso, String transactionName)
   at System.Data.SqlClient.SqlConnection.BeginTransaction(String transactionName)
   at SBMS.Services.CheckinCheckoutService.CheckinSlideIsOkay(String status, Int32 slide_id, Int32 current_lending_id) in C:\Users\daniel\source\repos\slide-bank-managemnt-system\SBMS\Services\CheckinCheckoutService.cs:line 115
   at SBMS.Checkin_Checkout.CheckinSlideOkay(String status) in C:\Users\daniel\source\repos\slide-bank-managemnt-system\SBMS\Checkin.cs:line 226
2020-04-15 12:09:13.0594 SBMS.Checkin_Checkout Successs: Checkin completed
2020-04-15 12:17:56.9739 SBMS.Checkin_Checkout Exception on Checkin FormSystem.InvalidOperationException: Invalid operation. The connection is closed.
   at System.Data.SqlClient.SqlConnection.GetOpenConnection()
   at System.Data.SqlClient.SqlConnection.BeginTransaction(IsolationLevel iso, String transactionName)
   at System.Data.SqlClient.SqlConnection.BeginTransaction(String transactionName)
   at SBMS.Services.CheckinCheckoutService.CheckinSlideIsOkay(String status, Int32 slide_id, Int32 current_lending_id) in C:\Users\daniel\source\repos\slide-bank-managemnt-system\SBMS\Services\CheckinCheckoutService.cs:line 115
   at SBMS.Checkin_Checkout.CheckinSlideOkay(String status) in C:\Users\daniel\source\repos\slide-bank-managemnt-system\SBMS\Checkin.cs:line 214
2020-04-15 12:18:35.3112 SBMS.Checkin_Checkout Successs: Checkin completed
2020-04-15 12:19:24.2324 SBMS.Checkin_Checkout Exception on Checkin FormSystem.InvalidOperationException: ExecuteNonQuery requires the command to have a transaction when the connection assigned to the command is in a pending local transaction.  The Transaction property of the command has not been initialized.
   at System.Data.SqlClient.SqlCommand.ValidateCommand(String method, Boolean async)
   at System.Data.SqlClient.SqlCommand.InternalExecuteNonQuery(TaskCompletionSource`1 completion, String methodName, Boolean sendToPipe, Int32 timeout, Boolean& usedCache, Boolean asyncWrite, Boolean inRetry)
   at System.Data.SqlClient.SqlCommand.ExecuteNonQuery()
   at SBMS.Services.CheckinCheckoutService.CheckinSlideIsOkay(String status, Int32 slide_id, Int32 current_lending_id)
   at SBMS.Checkin_Checkout.CheckinSlideOkay(String status)
2020-04-15 12:20:00.9712 SBMS.Checkin_Checkout Successs: Checkin completed
2020-04-15 14:32:31.6290 SBMS.Services.CheckinCheckoutService Commit:Both records are written to database.
2020-04-15 14:36:37.2922 SBMS.Services.CheckinCheckoutService Commit:Both records are written to database.
2020-04-15 14:39:04.9980 SBMS.Services.CheckinCheckoutService Commit:Both records are written to database.
2020-04-15 14:40:11.5144 SBMS.Selection Search Result for daniel adenew count:1
2020-04-15 14:40:28.3955 SBMS.Selection checkout successfull: daniel adenew
2020-04-15 14:40:32.9496 SBMS.Selection Search excpetion for user {UserAccountServices.Full_name}   at CrystalDecisions.Shared.SharedUtils.get_CurrentControl()
   at CrystalDecisions.Shared.SharedUtils.GetEffectiveCulture()
   at CrystalDecisions.Shared.LocaleManager..ctor()
   at CrystalDecisions.Windows.Forms.CrystalReportViewer.InitReportViewer()
   at CrystalDecisions.Windows.Forms.CrystalReportViewer..ctor()
   at SBMS.Reports.CrystalReports.SearchChekoutReportViewPort.InitializeComponent() in C:\Users\daniel\source\repos\slide-bank-managemnt-system\SBMS\Reports\CrystalReports\SearchChekoutReportViewPort.Designer.cs:line 31
   at SBMS.Reports.CrystalReports.SearchChekoutReportViewPort..ctor() in C:\Users\daniel\source\repos\slide-bank-managemnt-system\SBMS\Reports\CrystalReports\SearchChekoutReportViewPort.cs:line 21
   at SBMS.Selection.btn_checkout_Click(Object sender, EventArgs e) in C:\Users\daniel\source\repos\slide-bank-managemnt-system\SBMS\Selection.cs:line 456System.TypeInitializationException: The type initializer for 'CrystalDecisions.Shared.SharedUtils' threw an exception. ---> System.IO.FileNotFoundException: Could not load file or assembly 'log4net, Version=1.2.10.0, Culture=neutral, PublicKeyToken=692fbea5521e1304' or one of its dependencies. The system cannot find the file specified.
   at CrystalDecisions.Shared.SharedUtils..cctor()
   --- End of inner exception stack trace ---
   at CrystalDecisions.Shared.SharedUtils.get_CurrentControl()
   at CrystalDecisions.Shared.SharedUtils.GetEffectiveCulture()
   at CrystalDecisions.Shared.LocaleManager..ctor()
   at CrystalDecisions.Windows.Forms.CrystalReportViewer.InitReportViewer()
   at CrystalDecisions.Windows.Forms.CrystalReportViewer..ctor()
   at SBMS.Reports.CrystalReports.SearchChekoutReportViewPort.InitializeComponent() in C:\Users\daniel\source\repos\slide-bank-managemnt-system\SBMS\Reports\CrystalReports\SearchChekoutReportViewPort.Designer.cs:line 31
   at SBMS.Reports.CrystalReports.SearchChekoutReportViewPort..ctor() in C:\Users\daniel\source\repos\slide-bank-managemnt-system\SBMS\Reports\CrystalReports\SearchChekoutReportViewPort.cs:line 21
   at SBMS.Selection.btn_checkout_Click(Object sender, EventArgs e) in C:\Users\daniel\source\repos\slide-bank-managemnt-system\SBMS\Selection.cs:line 456
2020-04-15 14:41:01.8287 SBMS.Selection checkout successfull: daniel adenew
2020-04-15 14:41:03.5375 SBMS.Selection Search excpetion for user {UserAccountServices.Full_name}   at CrystalDecisions.Shared.SharedUtils.get_CurrentControl()
   at CrystalDecisions.Shared.SharedUtils.GetEffectiveCulture()
   at CrystalDecisions.Shared.LocaleManager..ctor()
   at CrystalDecisions.Windows.Forms.CrystalReportViewer.InitReportViewer()
   at CrystalDecisions.Windows.Forms.CrystalReportViewer..ctor()
   at SBMS.Reports.CrystalReports.SearchChekoutReportViewPort.InitializeComponent() in C:\Users\daniel\source\repos\slide-bank-managemnt-system\SBMS\Reports\CrystalReports\SearchChekoutReportViewPort.Designer.cs:line 31
   at SBMS.Reports.CrystalReports.SearchChekoutReportViewPort..ctor() in C:\Users\daniel\source\repos\slide-bank-managemnt-system\SBMS\Reports\CrystalReports\SearchChekoutReportViewPort.cs:line 21
   at SBMS.Selection.btn_checkout_Click(Object sender, EventArgs e) in C:\Users\daniel\source\repos\slide-bank-managemnt-system\SBMS\Selection.cs:line 456System.TypeInitializationException: The type initializer for 'CrystalDecisions.Shared.SharedUtils' threw an exception. ---> System.IO.FileNotFoundException: Could not load file or assembly 'log4net, Version=1.2.10.0, Culture=neutral, PublicKeyToken=692fbea5521e1304' or one of its dependencies. The system cannot find the file specified.
   at CrystalDecisions.Shared.SharedUtils..cctor()
   --- End of inner exception stack trace ---
   at CrystalDecisions.Shared.SharedUtils.get_CurrentControl()
   at CrystalDecisions.Shared.SharedUtils.GetEffectiveCulture()
   at CrystalDecisions.Shared.LocaleManager..ctor()
   at CrystalDecisions.Windows.Forms.CrystalReportViewer.InitReportViewer()
   at CrystalDecisions.Windows.Forms.CrystalReportViewer..ctor()
   at SBMS.Reports.CrystalReports.SearchChekoutReportViewPort.InitializeComponent() in C:\Users\daniel\source\repos\slide-bank-managemnt-system\SBMS\Reports\CrystalReports\SearchChekoutReportViewPort.Designer.cs:line 31
   at SBMS.Reports.CrystalReports.SearchChekoutReportViewPort..ctor() in C:\Users\daniel\source\repos\slide-bank-managemnt-system\SBMS\Reports\CrystalReports\SearchChekoutReportViewPort.cs:line 21
   at SBMS.Selection.btn_checkout_Click(Object sender, EventArgs e) in C:\Users\daniel\source\repos\slide-bank-managemnt-system\SBMS\Selection.cs:line 456
2020-04-15 14:54:59.6301 SBMS.Selection Search Result for daniel adenew count:1
2020-04-15 15:15:25.0842 SBMS.Selection Search Result for daniel adenew count:2
2020-04-15 15:15:44.0785 SBMS.Selection checkout successfull: daniel adenew
