2020-05-06 18:59:01.0011 SBMS.Program Hi, the system is reporting problem importing Counry of Origin
System.FormatException: Input string was not in a correct format.
   at System.Number.StringToNumber(String str, NumberStyles options, NumberBuffer& number, NumberFormatInfo info, Boolean parseDecimal)
   at System.Number.ParseInt32(String s, NumberStyles style, NumberFormatInfo info)
   at System.Convert.ToInt32(String value)
   at SBMS.Slides.btn_save_Click(Object sender, EventArgs e)
   at System.Windows.Forms.Control.OnClick(EventArgs e)
   at System.Windows.Forms.Button.OnClick(EventArgs e)
   at System.Windows.Forms.Button.OnMouseUp(MouseEventArgs mevent)
   at System.Windows.Forms.Control.WmMouseUp(Message& m, MouseButtons button, Int32 clicks)
   at System.Windows.Forms.Control.WndProc(Message& m)
   at System.Windows.Forms.ButtonBase.WndProc(Message& m)
   at System.Windows.Forms.Button.WndProc(Message& m)
   at System.Windows.Forms.Control.ControlNativeWindow.OnMessage(Message& m)
   at System.Windows.Forms.Control.ControlNativeWindow.WndProc(Message& m)
   at System.Windows.Forms.NativeWindow.DebuggableCallback(IntPtr hWnd, Int32 msg, IntPtr wparam, IntPtr lparam)
   at System.Windows.Forms.UnsafeNativeMethods.DispatchMessageW(MSG& msg)
   at System.Windows.Forms.Application.ComponentManager.System.Windows.Forms.UnsafeNativeMethods.IMsoComponentManager.FPushMessageLoop(IntPtr dwComponentID, Int32 reason, Int32 pvLoopData)
   at System.Windows.Forms.Application.ThreadContext.RunMessageLoopInner(Int32 reason, ApplicationContext context)
   at System.Windows.Forms.Application.ThreadContext.RunMessageLoop(Int32 reason, ApplicationContext context)
   at System.Windows.Forms.Application.RunDialog(Form form)
   at System.Windows.Forms.Form.ShowDialog(IWin32Window owner)
   at System.Windows.Forms.Form.ShowDialog()
   at SBMS.Login.timer1_Tick(Object sender, EventArgs e)
   at System.Windows.Forms.Timer.OnTick(EventArgs e)
   at System.Windows.Forms.Timer.TimerNativeWindow.WndProc(Message& m)
   at System.Windows.Forms.NativeWindow.DebuggableCallback(IntPtr hWnd, Int32 msg, IntPtr wparam, IntPtr lparam)
   at System.Windows.Forms.UnsafeNativeMethods.DispatchMessageW(MSG& msg)
   at System.Windows.Forms.Application.ComponentManager.System.Windows.Forms.UnsafeNativeMethods.IMsoComponentManager.FPushMessageLoop(IntPtr dwComponentID, Int32 reason, Int32 pvLoopData)
   at System.Windows.Forms.Application.ThreadContext.RunMessageLoopInner(Int32 reason, ApplicationContext context)
   at System.Windows.Forms.Application.ThreadContext.RunMessageLoop(Int32 reason, ApplicationContext context)
   at System.Windows.Forms.Application.RunDialog(Form form)
   at System.Windows.Forms.Form.ShowDialog(IWin32Window owner)
   at System.Windows.Forms.Form.ShowDialog()
   at SBMS.Splash.timer1_Tick(Object sender, EventArgs e)
   at System.Windows.Forms.Timer.OnTick(EventArgs e)
   at System.Windows.Forms.Timer.TimerNativeWindow.WndProc(Message& m)
   at System.Windows.Forms.NativeWindow.DebuggableCallback(IntPtr hWnd, Int32 msg, IntPtr wparam, IntPtr lparam)
   at System.Windows.Forms.UnsafeNativeMethods.DispatchMessageW(MSG& msg)
   at System.Windows.Forms.Application.ComponentManager.System.Windows.Forms.UnsafeNativeMethods.IMsoComponentManager.FPushMessageLoop(IntPtr dwComponentID, Int32 reason, Int32 pvLoopData)
   at System.Windows.Forms.Application.ThreadContext.RunMessageLoopInner(Int32 reason, ApplicationContext context)
   at System.Windows.Forms.Application.ThreadContext.RunMessageLoop(Int32 reason, ApplicationContext context)
   at System.Windows.Forms.Application.Run(Form mainForm)
   at SBMS.Program.Main()
2020-05-06 18:59:24.9091 SBMS.Program importing defaults
2020-05-06 18:59:25.3988 SBMS.Program Default is found proceeding.
2020-05-06 19:02:12.0126 SBMS.Program importing defaults
2020-05-06 19:02:12.5043 SBMS.Program Default is found proceeding.
2020-05-06 19:05:04.1839 SBMS.Program importing defaults
2020-05-06 19:05:04.4711 SBMS.Program Default is found proceeding.
2020-05-06 19:10:40.0981 SBMS.Program importing defaults
2020-05-06 19:10:40.3384 SBMS.Program Default is found proceeding.
2020-05-06 19:20:51.8710 SBMS.Program see application log error for the cause of this error 
System.TypeInitializationException: The type initializer for 'CrystalDecisions.Shared.SharedUtils' threw an exception. ---> System.IO.FileNotFoundException: Could not load file or assembly 'log4net, Version=1.2.10.0, Culture=neutral, PublicKeyToken=692fbea5521e1304' or one of its dependencies. The system cannot find the file specified.
   at CrystalDecisions.Shared.SharedUtils..cctor()
   --- End of inner exception stack trace ---
   at CrystalDecisions.Shared.SharedUtils.get_CurrentControl()
   at CrystalDecisions.Shared.SharedUtils.GetEffectiveCulture()
   at CrystalDecisions.Shared.LocaleManager..ctor()
   at CrystalDecisions.Windows.Forms.CrystalReportViewer.InitReportViewer()
   at CrystalDecisions.Windows.Forms.CrystalReportViewer..ctor()
   at SBMS.ReportViewRecentSlides.InitializeComponent()
   at SBMS.ReportViewRecentSlides..ctor()
   at SBMS.Slides.button7_Click(Object sender, EventArgs e)
   at System.Windows.Forms.Control.OnClick(EventArgs e)
   at System.Windows.Forms.Button.OnClick(EventArgs e)
   at System.Windows.Forms.Button.OnMouseUp(MouseEventArgs mevent)
   at System.Windows.Forms.Control.WmMouseUp(Message& m, MouseButtons button, Int32 clicks)
   at System.Windows.Forms.Control.WndProc(Message& m)
   at System.Windows.Forms.ButtonBase.WndProc(Message& m)
   at System.Windows.Forms.Button.WndProc(Message& m)
   at System.Windows.Forms.Control.ControlNativeWindow.OnMessage(Message& m)
   at System.Windows.Forms.Control.ControlNativeWindow.WndProc(Message& m)
   at System.Windows.Forms.NativeWindow.DebuggableCallback(IntPtr hWnd, Int32 msg, IntPtr wparam, IntPtr lparam)
   at System.Windows.Forms.UnsafeNativeMethods.DispatchMessageW(MSG& msg)
   at System.Windows.Forms.Application.ComponentManager.System.Windows.Forms.UnsafeNativeMethods.IMsoComponentManager.FPushMessageLoop(IntPtr dwComponentID, Int32 reason, Int32 pvLoopData)
   at System.Windows.Forms.Application.ThreadContext.RunMessageLoopInner(Int32 reason, ApplicationContext context)
   at System.Windows.Forms.Application.ThreadContext.RunMessageLoop(Int32 reason, ApplicationContext context)
   at System.Windows.Forms.Application.RunDialog(Form form)
   at System.Windows.Forms.Form.ShowDialog(IWin32Window owner)
   at System.Windows.Forms.Form.ShowDialog()
   at SBMS.Login.timer1_Tick(Object sender, EventArgs e)
   at System.Windows.Forms.Timer.OnTick(EventArgs e)
   at System.Windows.Forms.Timer.TimerNativeWindow.WndProc(Message& m)
   at System.Windows.Forms.NativeWindow.DebuggableCallback(IntPtr hWnd, Int32 msg, IntPtr wparam, IntPtr lparam)
   at System.Windows.Forms.UnsafeNativeMethods.DispatchMessageW(MSG& msg)
   at System.Windows.Forms.Application.ComponentManager.System.Windows.Forms.UnsafeNativeMethods.IMsoComponentManager.FPushMessageLoop(IntPtr dwComponentID, Int32 reason, Int32 pvLoopData)
   at System.Windows.Forms.Application.ThreadContext.RunMessageLoopInner(Int32 reason, ApplicationContext context)
   at System.Windows.Forms.Application.ThreadContext.RunMessageLoop(Int32 reason, ApplicationContext context)
   at System.Windows.Forms.Application.RunDialog(Form form)
   at System.Windows.Forms.Form.ShowDialog(IWin32Window owner)
   at System.Windows.Forms.Form.ShowDialog()
   at SBMS.Splash.timer1_Tick(Object sender, EventArgs e)
   at System.Windows.Forms.Timer.OnTick(EventArgs e)
   at System.Windows.Forms.Timer.TimerNativeWindow.WndProc(Message& m)
   at System.Windows.Forms.NativeWindow.DebuggableCallback(IntPtr hWnd, Int32 msg, IntPtr wparam, IntPtr lparam)
   at System.Windows.Forms.UnsafeNativeMethods.DispatchMessageW(MSG& msg)
   at System.Windows.Forms.Application.ComponentManager.System.Windows.Forms.UnsafeNativeMethods.IMsoComponentManager.FPushMessageLoop(IntPtr dwComponentID, Int32 reason, Int32 pvLoopData)
   at System.Windows.Forms.Application.ThreadContext.RunMessageLoopInner(Int32 reason, ApplicationContext context)
   at System.Windows.Forms.Application.ThreadContext.RunMessageLoop(Int32 reason, ApplicationContext context)
   at System.Windows.Forms.Application.Run(Form mainForm)
   at SBMS.Program.Main()
2020-05-06 19:20:59.9474 SBMS.Program importing defaults
2020-05-06 19:21:00.2705 SBMS.Program Default is found proceeding.
2020-05-06 20:23:35.1350 SBMS.Program importing defaults
2020-05-06 20:23:35.6640 SBMS.Program Default is found proceeding.
2020-05-06 22:05:37.3531 SBMS.Program importing defaults
2020-05-06 22:05:37.6534 SBMS.Program Default is found proceeding.
2020-05-06 22:06:13.1056 SBMS.Program importing defaults
2020-05-06 22:06:13.4306 SBMS.Program Default is found proceeding.
2020-05-06 22:09:09.2441 SBMS.Program importing defaults
2020-05-06 22:09:09.5434 SBMS.Program Default is found proceeding.
2020-05-06 22:17:47.7149 SBMS.Program importing defaults
2020-05-06 22:17:48.0931 SBMS.Program Default is found proceeding.
2020-05-06 22:19:17.9653 SBMS.Program importing defaults
2020-05-06 22:19:18.2180 SBMS.Program Default is found proceeding.
2020-05-06 22:20:32.6324 SBMS.Program importing defaults
2020-05-06 22:20:32.8961 SBMS.Program Default is found proceeding.
2020-05-06 22:21:28.4615 SBMS.Program importing defaults
2020-05-06 22:21:28.6944 SBMS.Program Default is found proceeding.
2020-05-06 22:23:34.8436 SBMS.Program importing defaults
2020-05-06 22:23:35.1860 SBMS.Program Default is found proceeding.
2020-05-06 22:27:29.4576 SBMS.Program importing defaults
2020-05-06 22:27:29.7403 SBMS.Program Default is found proceeding.
2020-05-06 23:33:52.4979 SBMS.Selection Search Result for  count:1
2020-05-06 23:41:28.4002 SBMS.Selection Search Result for  count:4
2020-05-06 23:41:33.1993 SBMS.Selection Search Result for  count:4
2020-05-06 23:41:39.5292 SBMS.Selection Search Result for  count:3
2020-05-06 23:41:42.5344 SBMS.Selection Search Result for  count:3
2020-05-06 23:41:48.1124 SBMS.Selection Search Result for  count:3
