2020-06-09 09:54:00.4002 MSBMS.Program importing defaults
2020-06-09 09:54:02.1289 MSBMS.Program Default is found proceeding.
2020-06-09 10:01:52.7320 MSBMS.Program importing defaults
2020-06-09 10:01:53.4051 MSBMS.Program Default is found proceeding.
2020-06-09 10:04:19.4367 MSBMS.Program importing defaults
2020-06-09 10:04:20.0022 MSBMS.Program Default is found proceeding.
2020-06-09 10:06:16.7327 MSBMS.Program importing defaults
2020-06-09 10:06:17.2059 MSBMS.Program Default is found proceeding.
2020-06-09 10:07:08.0115 MSBMS.Program importing defaults
2020-06-09 10:07:08.4640 MSBMS.Program Default is found proceeding.
2020-06-09 10:07:40.9383 MSBMS.Selection    at System.Windows.Forms.NumericUpDown.set_Value(Decimal value)
   at MSBMS.Selection.btn_dayCalculaor_Click(Object sender, EventArgs e) in C:\Users\daniel\source\repos\slide-bank-managemnt-system\SBMS\Selection.cs:line 562
2020-06-09 10:07:58.7500 MSBMS.Selection Search Result for daniel adenew count:1
2020-06-09 10:08:02.8198 MSBMS.Selection checkout started ids are not null: daniel adenew
2020-06-09 10:08:12.3158 MSBMS.Services.CheckinCheckoutService Commit:Both records are written to database.
2020-06-09 10:08:15.3326 MSBMS.Reports.CrystalReports.SearchChekoutReportViewPort Checkout Report generation has some expectionsSystem.Data.SqlClient.SqlException (0x80131904): Invalid object name 'borrowers'.
   at System.Data.SqlClient.SqlConnection.OnError(SqlException exception, Boolean breakConnection, Action`1 wrapCloseInAction)
   at System.Data.SqlClient.SqlInternalConnection.OnError(SqlException exception, Boolean breakConnection, Action`1 wrapCloseInAction)
   at System.Data.SqlClient.TdsParser.ThrowExceptionAndWarning(TdsParserStateObject stateObj, Boolean callerHasConnectionLock, Boolean asyncClose)
   at System.Data.SqlClient.TdsParser.TryRun(RunBehavior runBehavior, SqlCommand cmdHandler, SqlDataReader dataStream, BulkCopySimpleResultSet bulkCopyHandler, TdsParserStateObject stateObj, Boolean& dataReady)
   at System.Data.SqlClient.SqlDataReader.TryConsumeMetaData()
   at System.Data.SqlClient.SqlDataReader.get_MetaData()
   at System.Data.SqlClient.SqlCommand.FinishExecuteReader(SqlDataReader ds, RunBehavior runBehavior, String resetOptionsString, Boolean isInternal, Boolean forDescribeParameterEncryption, Boolean shouldCacheForAlwaysEncrypted)
   at System.Data.SqlClient.SqlCommand.RunExecuteReaderTds(CommandBehavior cmdBehavior, RunBehavior runBehavior, Boolean returnStream, Boolean async, Int32 timeout, Task& task, Boolean asyncWrite, Boolean inRetry, SqlDataReader ds, Boolean describeParameterEncryptionRequest)
   at System.Data.SqlClient.SqlCommand.RunExecuteReader(CommandBehavior cmdBehavior, RunBehavior runBehavior, Boolean returnStream, String method, TaskCompletionSource`1 completion, Int32 timeout, Task& task, Boolean& usedCache, Boolean asyncWrite, Boolean inRetry)
   at System.Data.SqlClient.SqlCommand.RunExecuteReader(CommandBehavior cmdBehavior, RunBehavior runBehavior, Boolean returnStream, String method)
   at System.Data.SqlClient.SqlCommand.ExecuteReader(CommandBehavior behavior, String method)
   at System.Data.SqlClient.SqlCommand.ExecuteDbDataReader(CommandBehavior behavior)
   at System.Data.Common.DbCommand.System.Data.IDbCommand.ExecuteReader(CommandBehavior behavior)
   at System.Data.Common.DbDataAdapter.FillInternal(DataSet dataset, DataTable[] datatables, Int32 startRecord, Int32 maxRecords, String srcTable, IDbCommand command, CommandBehavior behavior)
   at System.Data.Common.DbDataAdapter.Fill(DataTable[] dataTables, Int32 startRecord, Int32 maxRecords, IDbCommand command, CommandBehavior behavior)
   at System.Data.Common.DbDataAdapter.Fill(DataTable dataTable)
   at MSBMS.Reports.CrystalReports.SearchChekoutReportViewPort.SearchChekoutReportViewPort_Load(Object sender, EventArgs e) in C:\Users\daniel\source\repos\slide-bank-managemnt-system\SBMS\Reports\CrystalReports\SearchChekoutReportViewPort.cs:line 50
ClientConnectionId:2df4f508-ba29-4be9-9be4-040ea586aa5f
Error Number:208,State:1,Class:16
2020-06-09 10:26:11.7789 MSBMS.Program importing defaults
2020-06-09 10:26:12.0766 MSBMS.Program Default is found proceeding.
2020-06-09 10:27:32.9340 MSBMS.Program importing defaults
2020-06-09 10:27:33.2256 MSBMS.Program Default is found proceeding.
2020-06-09 10:28:01.1947 MSBMS.Selection Search Result for  count:1
2020-06-09 10:28:03.8801 MSBMS.Selection checkout started ids are not null: 
2020-06-09 10:28:05.9491 MSBMS.Services.CheckinCheckoutService Commit:Both records are written to database.
2020-06-09 10:28:34.6476 MSBMS.Program importing defaults
2020-06-09 10:28:34.8934 MSBMS.Program Default is found proceeding.
2020-06-09 10:57:35.7722 MSBMS.Program importing defaults
2020-06-09 10:57:35.8620 MSBMS.Program Default is found proceeding.
2020-06-09 10:58:02.7352 MSBMS.Program importing defaults
2020-06-09 10:58:02.8209 MSBMS.Program Default is found proceeding.
2020-06-09 10:59:42.6761 MSBMS.Program importing defaults
2020-06-09 10:59:42.7708 MSBMS.Program Default is found proceeding.
2020-06-09 11:00:57.7413 MSBMS.Program importing defaults
2020-06-09 11:00:57.8340 MSBMS.Program Default is found proceeding.
2020-06-09 11:03:53.5837 MSBMS.Program importing defaults
2020-06-09 11:03:53.6973 MSBMS.Program Default is found proceeding.
