2021-03-08 10:52:39.6110 MSBMS.Program importing defaults
2021-03-08 10:52:40.8110 MSBMS.Program Default is found proceeding.
2021-03-08 11:02:29.0738 MSBMS.Program importing defaults
2021-03-08 11:02:30.2524 MSBMS.Program Default is found proceeding.
2021-03-08 11:39:23.3685 MSBMS.Program importing defaults
2021-03-08 11:39:23.9153 MSBMS.Program Default is found proceeding.
2021-03-08 11:44:17.6357 MSBMS.Slides Exception occuredSystem.ArgumentOutOfRangeException: Index was out of range. Must be non-negative and less than the size of the collection.
Parameter name: index
   at System.Collections.ArrayList.get_Item(Int32 index)
   at System.Windows.Forms.DataGridViewRowCollection.SharedRow(Int32 rowIndex)
   at System.Windows.Forms.DataGridViewRowCollection.get_Item(Int32 index)
   at MSBMS.Slides.selected_row(Object sender, DataGridViewCellEventArgs e) in C:\Users\INTuser\source\repos\dadenewyyt\slide-bank-managemnt-system\SBMS\Slides.cs:line 469
2021-03-08 11:44:22.4159 MSBMS.Slides Exception occuredSystem.ArgumentOutOfRangeException: Index was out of range. Must be non-negative and less than the size of the collection.
Parameter name: index
   at System.Collections.ArrayList.get_Item(Int32 index)
   at System.Windows.Forms.DataGridViewRowCollection.SharedRow(Int32 rowIndex)
   at System.Windows.Forms.DataGridViewRowCollection.get_Item(Int32 index)
   at MSBMS.Slides.selected_row(Object sender, DataGridViewCellEventArgs e) in C:\Users\INTuser\source\repos\dadenewyyt\slide-bank-managemnt-system\SBMS\Slides.cs:line 469
2021-03-08 14:58:51.9105 MSBMS.Program importing defaults
2021-03-08 14:58:52.4581 MSBMS.Program Default is found proceeding.
