2020-05-21 14:19:39.3900 SBMS.Program importing defaults
2020-05-21 14:19:39.9396 SBMS.Program Default is found proceeding.
2020-05-21 15:14:27.0223 SBMS.Program importing defaults
2020-05-21 15:14:27.6157 SBMS.Program Default is found proceeding.
2020-05-21 15:19:45.9037 SBMS.Program importing defaults
2020-05-21 15:19:46.2228 SBMS.Program Default is found proceeding.
2020-05-21 15:22:36.8727 SBMS.Program importing defaults
2020-05-21 15:22:36.9695 SBMS.Program Default is found proceeding.
2020-05-21 15:44:40.2123 SBMS.Program importing defaults
2020-05-21 15:44:40.3639 SBMS.Program Default is found proceeding.
2020-05-21 15:45:07.7966 SBMS.Program importing defaults
2020-05-21 15:45:07.8864 SBMS.Program Default is found proceeding.
2020-05-21 15:45:33.6934 SBMS.Program importing defaults
2020-05-21 15:45:33.7841 SBMS.Program Default is found proceeding.
2020-05-21 15:45:59.6340 SBMS.Program importing defaults
2020-05-21 15:45:59.8454 SBMS.Program Default is found proceeding.
2020-05-21 16:38:33.1817 SBMS.Program importing defaults
2020-05-21 16:38:33.2824 SBMS.Program Default is found proceeding.
2020-05-21 16:38:47.3488 SBMS.Selection Search Result for  count:1
2020-05-21 16:38:52.8960 SBMS.Selection checkout started ids are not null: 
2020-05-21 16:38:53.1553 SBMS.Services.CheckinCheckoutService SUCCESS COMMIT:Tripple record commits or transactions are written to database.
2020-05-21 16:46:51.3930 SBMS.Program importing defaults
2020-05-21 16:46:51.4967 SBMS.Program Default is found proceeding.
2020-05-21 16:56:47.6933 SBMS.Program importing defaults
2020-05-21 16:56:47.8579 SBMS.Program Default is found proceeding.
2020-05-21 17:23:21.7366 SBMS.Program importing defaults
2020-05-21 17:23:21.8353 SBMS.Program Default is found proceeding.
