2020-12-24 10:25:08.6831 MSBMS.Program importing defaults
2020-12-24 10:25:09.1549 MSBMS.Program Default is found proceeding.
2020-12-24 11:52:05.1641 MSBMS.Program importing defaults
2020-12-24 11:52:06.1724 MSBMS.Program Default is found proceeding.
2020-12-24 11:53:07.0271 MSBMS.Program importing defaults
2020-12-24 11:53:07.5752 MSBMS.Program Default is found proceeding.
2020-12-24 11:55:28.3991 MSBMS.Program importing defaults
2020-12-24 11:55:29.0224 MSBMS.Program Default is found proceeding.
2020-12-24 12:00:30.7316 MSBMS.Program importing defaults
2020-12-24 12:00:31.2931 MSBMS.Program Default is found proceeding.
2020-12-24 12:06:34.4317 MSBMS.Program importing defaults
2020-12-24 12:06:35.0321 MSBMS.Program Default is found proceeding.
2020-12-24 12:14:17.3568 MSBMS.Program importing defaults
2020-12-24 12:14:17.6630 MSBMS.Program Default is found proceeding.
2020-12-24 12:16:57.9979 MSBMS.Program importing defaults
2020-12-24 12:16:58.1714 MSBMS.Program Default is found proceeding.
2020-12-24 12:17:17.9688 MSBMS.Donors Exception occured on save donorSystem.ArgumentOutOfRangeException: InvalidArgument=Value of '10' is not valid for 'SelectedIndex'.
Parameter name: SelectedIndex
   at System.Windows.Forms.ComboBox.set_SelectedIndex(Int32 value)
   at MSBMS.Donors.cmb_specice_specifics_SelectedIndexChanged(Object sender, EventArgs e) in C:\Users\INTuser\source\repos\dadenewyyt\slide-bank-managemnt-system\SBMS\Donors.cs:line 799
   at System.Windows.Forms.ComboBox.OnSelectedIndexChanged(EventArgs e)
   at System.Windows.Forms.ComboBox.set_SelectedIndex(Int32 value)
   at MSBMS.Donors.dgr_donors_CellClick(Object sender, DataGridViewCellEventArgs e) in C:\Users\INTuser\source\repos\dadenewyyt\slide-bank-managemnt-system\SBMS\Donors.cs:line 351
2020-12-24 12:17:35.3128 MSBMS.Donors Exception occured on save donorSystem.ArgumentOutOfRangeException: InvalidArgument=Value of '10' is not valid for 'SelectedIndex'.
Parameter name: SelectedIndex
   at System.Windows.Forms.ComboBox.set_SelectedIndex(Int32 value)
   at MSBMS.Donors.dgr_donors_CellClick(Object sender, DataGridViewCellEventArgs e) in C:\Users\INTuser\source\repos\dadenewyyt\slide-bank-managemnt-system\SBMS\Donors.cs:line 353
2020-12-24 12:17:36.7918 MSBMS.Donors Exception occured on save donorSystem.ArgumentOutOfRangeException: InvalidArgument=Value of '10' is not valid for 'SelectedIndex'.
Parameter name: SelectedIndex
   at System.Windows.Forms.ComboBox.set_SelectedIndex(Int32 value)
   at MSBMS.Donors.dgr_donors_CellClick(Object sender, DataGridViewCellEventArgs e) in C:\Users\INTuser\source\repos\dadenewyyt\slide-bank-managemnt-system\SBMS\Donors.cs:line 353
2020-12-24 12:17:42.8586 MSBMS.Donors Exception occured on save donorSystem.ArgumentOutOfRangeException: InvalidArgument=Value of '10' is not valid for 'SelectedIndex'.
Parameter name: SelectedIndex
   at System.Windows.Forms.ComboBox.set_SelectedIndex(Int32 value)
   at MSBMS.Donors.dgr_donors_CellClick(Object sender, DataGridViewCellEventArgs e) in C:\Users\INTuser\source\repos\dadenewyyt\slide-bank-managemnt-system\SBMS\Donors.cs:line 353
2020-12-24 12:17:48.8097 MSBMS.Donors Exception occured on save donorSystem.ArgumentOutOfRangeException: InvalidArgument=Value of '10' is not valid for 'SelectedIndex'.
Parameter name: SelectedIndex
   at System.Windows.Forms.ComboBox.set_SelectedIndex(Int32 value)
   at MSBMS.Donors.cmb_specice_specifics_SelectedIndexChanged(Object sender, EventArgs e) in C:\Users\INTuser\source\repos\dadenewyyt\slide-bank-managemnt-system\SBMS\Donors.cs:line 799
   at System.Windows.Forms.ComboBox.OnSelectedIndexChanged(EventArgs e)
   at System.Windows.Forms.ComboBox.set_SelectedIndex(Int32 value)
   at MSBMS.Donors.dgr_donors_CellClick(Object sender, DataGridViewCellEventArgs e) in C:\Users\INTuser\source\repos\dadenewyyt\slide-bank-managemnt-system\SBMS\Donors.cs:line 351
2020-12-24 12:19:20.1610 MSBMS.Program importing defaults
2020-12-24 12:19:21.5453 MSBMS.Program Default is found proceeding.
2020-12-24 12:22:45.4420 MSBMS.Donors Exception occured on select donorSystem.ArgumentOutOfRangeException: InvalidArgument=Value of '10' is not valid for 'SelectedIndex'.
Parameter name: SelectedIndex
   at System.Windows.Forms.ComboBox.set_SelectedIndex(Int32 value)
   at MSBMS.Donors.cmb_specice_specifics_SelectedIndexChanged(Object sender, EventArgs e) in C:\Users\INTuser\source\repos\dadenewyyt\slide-bank-managemnt-system\SBMS\Donors.cs:line 798
   at System.Windows.Forms.ComboBox.OnSelectedIndexChanged(EventArgs e)
   at System.Windows.Forms.ComboBox.set_SelectedIndex(Int32 value)
   at MSBMS.Donors.dgr_donors_CellClick(Object sender, DataGridViewCellEventArgs e) in C:\Users\INTuser\source\repos\dadenewyyt\slide-bank-managemnt-system\SBMS\Donors.cs:line 351
2020-12-24 12:22:53.0214 MSBMS.Donors Exception occured on select donorSystem.ArgumentOutOfRangeException: InvalidArgument=Value of '10' is not valid for 'SelectedIndex'.
Parameter name: SelectedIndex
   at System.Windows.Forms.ComboBox.set_SelectedIndex(Int32 value)
   at MSBMS.Donors.dgr_donors_CellClick(Object sender, DataGridViewCellEventArgs e) in C:\Users\INTuser\source\repos\dadenewyyt\slide-bank-managemnt-system\SBMS\Donors.cs:line 353
2020-12-24 13:02:37.6379 MSBMS.Program importing defaults
2020-12-24 13:02:37.7965 MSBMS.Program Default is found proceeding.
2020-12-24 13:12:48.1252 MSBMS.Program importing defaults
2020-12-24 13:12:49.7658 MSBMS.Program Default is found proceeding.
2020-12-24 13:13:47.3100 MSBMS.Donors Exception occured on select donorSystem.ArgumentOutOfRangeException: InvalidArgument=Value of '10' is not valid for 'SelectedIndex'.
Parameter name: SelectedIndex
   at System.Windows.Forms.ComboBox.set_SelectedIndex(Int32 value)
   at MSBMS.Donors.cmb_specice_specifics_SelectedIndexChanged(Object sender, EventArgs e) in C:\Users\INTuser\source\repos\dadenewyyt\slide-bank-managemnt-system\SBMS\Donors.cs:line 798
   at System.Windows.Forms.ComboBox.OnSelectedIndexChanged(EventArgs e)
   at System.Windows.Forms.ComboBox.set_SelectedIndex(Int32 value)
   at MSBMS.Donors.dgr_donors_CellClick(Object sender, DataGridViewCellEventArgs e) in C:\Users\INTuser\source\repos\dadenewyyt\slide-bank-managemnt-system\SBMS\Donors.cs:line 351
2020-12-24 13:15:15.6715 MSBMS.Program importing defaults
2020-12-24 13:15:15.9308 MSBMS.Program Default is found proceeding.
2020-12-24 13:19:37.5182 MSBMS.Program importing defaults
2020-12-24 13:19:38.7738 MSBMS.Program Default is found proceeding.
2020-12-24 13:41:46.5579 MSBMS.Program importing defaults
2020-12-24 13:41:47.5393 MSBMS.Program Default is found proceeding.
