2020-06-03 16:44:29.9403 MSBMS.Services.CheckinCheckoutService Checkin Database Error updating borrowed statusSystem.Data.SqlClient.SqlException (0x80131904): Invalid column name 'True'.
Invalid column name 'False'.
   at System.Data.SqlClient.SqlConnection.OnError(SqlException exception, Boolean breakConnection, Action`1 wrapCloseInAction)
   at System.Data.SqlClient.SqlInternalConnection.OnError(SqlException exception, Boolean breakConnection, Action`1 wrapCloseInAction)
   at System.Data.SqlClient.TdsParser.ThrowExceptionAndWarning(TdsParserStateObject stateObj, Boolean callerHasConnectionLock, Boolean asyncClose)
   at System.Data.SqlClient.TdsParser.TryRun(RunBehavior runBehavior, SqlCommand cmdHandler, SqlDataReader dataStream, BulkCopySimpleResultSet bulkCopyHandler, TdsParserStateObject stateObj, Boolean& dataReady)
   at System.Data.SqlClient.SqlCommand.FinishExecuteReader(SqlDataReader ds, RunBehavior runBehavior, String resetOptionsString, Boolean isInternal, Boolean forDescribeParameterEncryption, Boolean shouldCacheForAlwaysEncrypted)
   at System.Data.SqlClient.SqlCommand.RunExecuteReaderTds(CommandBehavior cmdBehavior, RunBehavior runBehavior, Boolean returnStream, Boolean async, Int32 timeout, Task& task, Boolean asyncWrite, Boolean inRetry, SqlDataReader ds, Boolean describeParameterEncryptionRequest)
   at System.Data.SqlClient.SqlCommand.RunExecuteReader(CommandBehavior cmdBehavior, RunBehavior runBehavior, Boolean returnStream, String method, TaskCompletionSource`1 completion, Int32 timeout, Task& task, Boolean& usedCache, Boolean asyncWrite, Boolean inRetry)
   at System.Data.SqlClient.SqlCommand.InternalExecuteNonQuery(TaskCompletionSource`1 completion, String methodName, Boolean sendToPipe, Int32 timeout, Boolean& usedCache, Boolean asyncWrite, Boolean inRetry)
   at System.Data.SqlClient.SqlCommand.ExecuteNonQuery()
   at MSBMS.Services.CheckinCheckoutService.CheckinSlidesMissingOrDamaged(String status, Int32 slide_id, Int32 current_lending_id) in C:\Users\daniel\source\repos\slide-bank-managemnt-system\SBMS\Services\CheckinCheckoutService.cs:line 516
ClientConnectionId:5103784e-dbc1-4f3d-8c74-3f541f48ea50
Error Number:207,State:1,Class:16
2020-06-03 16:46:18.3319 MSBMS.Program importing defaults
2020-06-03 16:46:18.4197 MSBMS.Program Default is found proceeding.
2020-06-03 16:46:30.1513 MSBMS.Services.CheckinCheckoutService Checkin Database Error updating borrowed statusSystem.Data.SqlClient.SqlException (0x80131904): Incorrect syntax near '}'.
   at System.Data.SqlClient.SqlConnection.OnError(SqlException exception, Boolean breakConnection, Action`1 wrapCloseInAction)
   at System.Data.SqlClient.SqlInternalConnection.OnError(SqlException exception, Boolean breakConnection, Action`1 wrapCloseInAction)
   at System.Data.SqlClient.TdsParser.ThrowExceptionAndWarning(TdsParserStateObject stateObj, Boolean callerHasConnectionLock, Boolean asyncClose)
   at System.Data.SqlClient.TdsParser.TryRun(RunBehavior runBehavior, SqlCommand cmdHandler, SqlDataReader dataStream, BulkCopySimpleResultSet bulkCopyHandler, TdsParserStateObject stateObj, Boolean& dataReady)
   at System.Data.SqlClient.SqlCommand.FinishExecuteReader(SqlDataReader ds, RunBehavior runBehavior, String resetOptionsString, Boolean isInternal, Boolean forDescribeParameterEncryption, Boolean shouldCacheForAlwaysEncrypted)
   at System.Data.SqlClient.SqlCommand.RunExecuteReaderTds(CommandBehavior cmdBehavior, RunBehavior runBehavior, Boolean returnStream, Boolean async, Int32 timeout, Task& task, Boolean asyncWrite, Boolean inRetry, SqlDataReader ds, Boolean describeParameterEncryptionRequest)
   at System.Data.SqlClient.SqlCommand.RunExecuteReader(CommandBehavior cmdBehavior, RunBehavior runBehavior, Boolean returnStream, String method, TaskCompletionSource`1 completion, Int32 timeout, Task& task, Boolean& usedCache, Boolean asyncWrite, Boolean inRetry)
   at System.Data.SqlClient.SqlCommand.InternalExecuteNonQuery(TaskCompletionSource`1 completion, String methodName, Boolean sendToPipe, Int32 timeout, Boolean& usedCache, Boolean asyncWrite, Boolean inRetry)
   at System.Data.SqlClient.SqlCommand.ExecuteNonQuery()
   at MSBMS.Services.CheckinCheckoutService.CheckinSlidesMissingOrDamaged(String status, Int32 slide_id, Int32 current_lending_id) in C:\Users\daniel\source\repos\slide-bank-managemnt-system\SBMS\Services\CheckinCheckoutService.cs:line 516
ClientConnectionId:83745025-01b1-45a7-9999-b5179c52a06c
Error Number:102,State:1,Class:15
2020-06-03 16:49:36.7493 MSBMS.Program importing defaults
2020-06-03 16:49:36.8430 MSBMS.Program Default is found proceeding.
2020-06-03 17:01:57.3810 MSBMS.Program importing defaults
2020-06-03 17:01:57.5276 MSBMS.Program Default is found proceeding.
