2020-04-29 15:08:56.0528 SBMS.Donors Donor has+ is saved
2020-04-29 16:35:47.6620 SBMS.Selection Search Result for daniel adenew count:0
2020-04-29 16:35:50.4414 SBMS.Selection Search Result for daniel adenew count:0
2020-04-29 16:35:55.8524 SBMS.Selection Search Result for daniel adenew count:0
2020-04-29 21:58:32.5448 SBMS.Program importing defaults
2020-04-29 21:58:35.0062 SBMS.Program Hi, the system is reporting problem importing Counry of Origin
System.Data.SqlClient.SqlException (0x80131904): Incorrect syntax near 'isDefault'.
   at System.Data.SqlClient.SqlConnection.OnError(SqlException exception, Boolean breakConnection, Action`1 wrapCloseInAction)
   at System.Data.SqlClient.SqlInternalConnection.OnError(SqlException exception, Boolean breakConnection, Action`1 wrapCloseInAction)
   at System.Data.SqlClient.TdsParser.ThrowExceptionAndWarning(TdsParserStateObject stateObj, Boolean callerHasConnectionLock, Boolean asyncClose)
   at System.Data.SqlClient.TdsParser.TryRun(RunBehavior runBehavior, SqlCommand cmdHandler, SqlDataReader dataStream, BulkCopySimpleResultSet bulkCopyHandler, TdsParserStateObject stateObj, Boolean& dataReady)
   at System.Data.SqlClient.SqlDataReader.TryConsumeMetaData()
   at System.Data.SqlClient.SqlDataReader.get_MetaData()
   at System.Data.SqlClient.SqlCommand.FinishExecuteReader(SqlDataReader ds, RunBehavior runBehavior, String resetOptionsString, Boolean isInternal, Boolean forDescribeParameterEncryption, Boolean shouldCacheForAlwaysEncrypted)
   at System.Data.SqlClient.SqlCommand.RunExecuteReaderTds(CommandBehavior cmdBehavior, RunBehavior runBehavior, Boolean returnStream, Boolean async, Int32 timeout, Task& task, Boolean asyncWrite, Boolean inRetry, SqlDataReader ds, Boolean describeParameterEncryptionRequest)
   at System.Data.SqlClient.SqlCommand.RunExecuteReader(CommandBehavior cmdBehavior, RunBehavior runBehavior, Boolean returnStream, String method, TaskCompletionSource`1 completion, Int32 timeout, Task& task, Boolean& usedCache, Boolean asyncWrite, Boolean inRetry)
   at System.Data.SqlClient.SqlCommand.RunExecuteReader(CommandBehavior cmdBehavior, RunBehavior runBehavior, Boolean returnStream, String method)
   at System.Data.SqlClient.SqlCommand.ExecuteReader(CommandBehavior behavior, String method)
   at System.Data.SqlClient.SqlCommand.ExecuteDbDataReader(CommandBehavior behavior)
   at System.Data.Common.DbCommand.System.Data.IDbCommand.ExecuteReader(CommandBehavior behavior)
   at System.Data.Common.DbDataAdapter.FillInternal(DataSet dataset, DataTable[] datatables, Int32 startRecord, Int32 maxRecords, String srcTable, IDbCommand command, CommandBehavior behavior)
   at System.Data.Common.DbDataAdapter.Fill(DataTable[] dataTables, Int32 startRecord, Int32 maxRecords, IDbCommand command, CommandBehavior behavior)
   at System.Data.Common.DbDataAdapter.Fill(DataTable dataTable)
   at SBMS.Services.ImportDefaultsService.CheckIfDefaultExisits() in C:\Users\daniel\source\repos\slide-bank-managemnt-system\SBMS\Services\ImportDefaults.cs:line 99
   at SBMS.Program.Main() in C:\Users\daniel\source\repos\slide-bank-managemnt-system\SBMS\Program.cs:line 30
ClientConnectionId:b65f7720-7259-4995-a0a6-13546209c5df
Error Number:102,State:1,Class:15
2020-04-29 21:59:17.6366 SBMS.Program importing defaults
2020-04-29 21:59:33.4119 SBMS.Program Hi, the system is reporting problem importing Counry of Origin
System.Data.SqlClient.SqlException (0x80131904): Incorrect syntax near 'isDefault'.
   at System.Data.SqlClient.SqlConnection.OnError(SqlException exception, Boolean breakConnection, Action`1 wrapCloseInAction)
   at System.Data.SqlClient.SqlInternalConnection.OnError(SqlException exception, Boolean breakConnection, Action`1 wrapCloseInAction)
   at System.Data.SqlClient.TdsParser.ThrowExceptionAndWarning(TdsParserStateObject stateObj, Boolean callerHasConnectionLock, Boolean asyncClose)
   at System.Data.SqlClient.TdsParser.TryRun(RunBehavior runBehavior, SqlCommand cmdHandler, SqlDataReader dataStream, BulkCopySimpleResultSet bulkCopyHandler, TdsParserStateObject stateObj, Boolean& dataReady)
   at System.Data.SqlClient.SqlDataReader.TryConsumeMetaData()
   at System.Data.SqlClient.SqlDataReader.get_MetaData()
   at System.Data.SqlClient.SqlCommand.FinishExecuteReader(SqlDataReader ds, RunBehavior runBehavior, String resetOptionsString, Boolean isInternal, Boolean forDescribeParameterEncryption, Boolean shouldCacheForAlwaysEncrypted)
   at System.Data.SqlClient.SqlCommand.RunExecuteReaderTds(CommandBehavior cmdBehavior, RunBehavior runBehavior, Boolean returnStream, Boolean async, Int32 timeout, Task& task, Boolean asyncWrite, Boolean inRetry, SqlDataReader ds, Boolean describeParameterEncryptionRequest)
   at System.Data.SqlClient.SqlCommand.RunExecuteReader(CommandBehavior cmdBehavior, RunBehavior runBehavior, Boolean returnStream, String method, TaskCompletionSource`1 completion, Int32 timeout, Task& task, Boolean& usedCache, Boolean asyncWrite, Boolean inRetry)
   at System.Data.SqlClient.SqlCommand.RunExecuteReader(CommandBehavior cmdBehavior, RunBehavior runBehavior, Boolean returnStream, String method)
   at System.Data.SqlClient.SqlCommand.ExecuteReader(CommandBehavior behavior, String method)
   at System.Data.SqlClient.SqlCommand.ExecuteDbDataReader(CommandBehavior behavior)
   at System.Data.Common.DbCommand.System.Data.IDbCommand.ExecuteReader(CommandBehavior behavior)
   at System.Data.Common.DbDataAdapter.FillInternal(DataSet dataset, DataTable[] datatables, Int32 startRecord, Int32 maxRecords, String srcTable, IDbCommand command, CommandBehavior behavior)
   at System.Data.Common.DbDataAdapter.Fill(DataTable[] dataTables, Int32 startRecord, Int32 maxRecords, IDbCommand command, CommandBehavior behavior)
   at System.Data.Common.DbDataAdapter.Fill(DataTable dataTable)
   at SBMS.Services.ImportDefaultsService.CheckIfDefaultExisits() in C:\Users\daniel\source\repos\slide-bank-managemnt-system\SBMS\Services\ImportDefaults.cs:line 99
   at SBMS.Program.Main() in C:\Users\daniel\source\repos\slide-bank-managemnt-system\SBMS\Program.cs:line 30
ClientConnectionId:c493bdec-3a67-4a40-9296-a18972fe399d
Error Number:102,State:1,Class:15
2020-04-29 21:59:47.0405 SBMS.Program importing defaults
2020-04-29 21:59:50.5576 SBMS.Program Hi, the system is reporting problem importing Counry of Origin
System.Data.SqlClient.SqlException (0x80131904): Incorrect syntax near 'isDefault'.
   at System.Data.SqlClient.SqlConnection.OnError(SqlException exception, Boolean breakConnection, Action`1 wrapCloseInAction)
   at System.Data.SqlClient.SqlInternalConnection.OnError(SqlException exception, Boolean breakConnection, Action`1 wrapCloseInAction)
   at System.Data.SqlClient.TdsParser.ThrowExceptionAndWarning(TdsParserStateObject stateObj, Boolean callerHasConnectionLock, Boolean asyncClose)
   at System.Data.SqlClient.TdsParser.TryRun(RunBehavior runBehavior, SqlCommand cmdHandler, SqlDataReader dataStream, BulkCopySimpleResultSet bulkCopyHandler, TdsParserStateObject stateObj, Boolean& dataReady)
   at System.Data.SqlClient.SqlDataReader.TryConsumeMetaData()
   at System.Data.SqlClient.SqlDataReader.get_MetaData()
   at System.Data.SqlClient.SqlCommand.FinishExecuteReader(SqlDataReader ds, RunBehavior runBehavior, String resetOptionsString, Boolean isInternal, Boolean forDescribeParameterEncryption, Boolean shouldCacheForAlwaysEncrypted)
   at System.Data.SqlClient.SqlCommand.RunExecuteReaderTds(CommandBehavior cmdBehavior, RunBehavior runBehavior, Boolean returnStream, Boolean async, Int32 timeout, Task& task, Boolean asyncWrite, Boolean inRetry, SqlDataReader ds, Boolean describeParameterEncryptionRequest)
   at System.Data.SqlClient.SqlCommand.RunExecuteReader(CommandBehavior cmdBehavior, RunBehavior runBehavior, Boolean returnStream, String method, TaskCompletionSource`1 completion, Int32 timeout, Task& task, Boolean& usedCache, Boolean asyncWrite, Boolean inRetry)
   at System.Data.SqlClient.SqlCommand.RunExecuteReader(CommandBehavior cmdBehavior, RunBehavior runBehavior, Boolean returnStream, String method)
   at System.Data.SqlClient.SqlCommand.ExecuteReader(CommandBehavior behavior, String method)
   at System.Data.SqlClient.SqlCommand.ExecuteDbDataReader(CommandBehavior behavior)
   at System.Data.Common.DbCommand.System.Data.IDbCommand.ExecuteReader(CommandBehavior behavior)
   at System.Data.Common.DbDataAdapter.FillInternal(DataSet dataset, DataTable[] datatables, Int32 startRecord, Int32 maxRecords, String srcTable, IDbCommand command, CommandBehavior behavior)
   at System.Data.Common.DbDataAdapter.Fill(DataTable[] dataTables, Int32 startRecord, Int32 maxRecords, IDbCommand command, CommandBehavior behavior)
   at System.Data.Common.DbDataAdapter.Fill(DataTable dataTable)
   at SBMS.Services.ImportDefaultsService.CheckIfDefaultExisits() in C:\Users\daniel\source\repos\slide-bank-managemnt-system\SBMS\Services\ImportDefaults.cs:line 99
   at SBMS.Program.Main() in C:\Users\daniel\source\repos\slide-bank-managemnt-system\SBMS\Program.cs:line 30
ClientConnectionId:9767f99d-8749-4dca-84bc-da2204d9f876
Error Number:102,State:1,Class:15
2020-04-29 22:00:06.7917 SBMS.Program importing defaults
2020-04-29 22:00:06.8934 SBMS.Program Deaful is found proceeding.
2020-04-29 22:01:19.1757 SBMS.Program importing defaults
2020-04-29 22:01:19.2874 SBMS.Program Deaful is found proceeding.
2020-04-29 22:02:00.2528 SBMS.Program importing defaults
2020-04-29 22:02:00.3884 SBMS.Program Deaful is found proceeding.
2020-04-29 22:02:12.4213 SBMS.Program importing defaults
2020-04-29 22:02:12.5320 SBMS.Program Deaful is found proceeding.
2020-04-29 22:02:37.1207 SBMS.Program importing defaults
2020-04-29 22:02:37.2584 SBMS.Program Deaful is found proceeding.
2020-04-29 22:03:03.0177 SBMS.Program importing defaults
2020-04-29 22:03:03.1145 SBMS.Program Deaful is found proceeding.
2020-04-29 22:03:23.2754 SBMS.Program importing defaults
2020-04-29 22:04:57.3835 SBMS.Program importing defaults
2020-04-29 22:05:16.7428 SBMS.Services.ImportDefaultsService Default Country of Origin Data is Added
