2020-05-19 08:34:16.2570 SBMS.Program importing defaults
2020-05-19 08:34:17.1267 SBMS.Program Default is found proceeding.
2020-05-19 08:35:06.4758 SBMS.Program importing defaults
2020-05-19 08:35:06.9345 SBMS.Program Default is found proceeding.
2020-05-19 08:37:27.4229 SBMS.Selection checkout successfull: 
2020-05-19 08:43:07.1171 SBMS.Program importing defaults
2020-05-19 08:43:07.4179 SBMS.Program Default is found proceeding.
2020-05-19 08:54:20.4893 SBMS.Program importing defaults
2020-05-19 08:54:20.7635 SBMS.Program Default is found proceeding.
2020-05-19 09:00:19.7122 SBMS.Program importing defaults
2020-05-19 09:00:20.5503 SBMS.Program Default is found proceeding.
2020-05-19 09:05:53.3400 SBMS.Selection    at System.Windows.Forms.NumericUpDown.set_Value(Decimal value)
   at SBMS.Selection.btn_dayCalculaor_Click(Object sender, EventArgs e) in C:\Users\daniel\source\repos\slide-bank-managemnt-system\SBMS\Selection.cs:line 484
2020-05-19 09:05:53.8875 SBMS.Selection    at System.Windows.Forms.NumericUpDown.set_Value(Decimal value)
   at SBMS.Selection.btn_dayCalculaor_Click(Object sender, EventArgs e) in C:\Users\daniel\source\repos\slide-bank-managemnt-system\SBMS\Selection.cs:line 484
2020-05-19 09:05:54.9117 SBMS.Selection    at System.Windows.Forms.NumericUpDown.set_Value(Decimal value)
   at SBMS.Selection.btn_dayCalculaor_Click(Object sender, EventArgs e) in C:\Users\daniel\source\repos\slide-bank-managemnt-system\SBMS\Selection.cs:line 484
2020-05-19 09:05:55.0982 SBMS.Selection    at System.Windows.Forms.NumericUpDown.set_Value(Decimal value)
   at SBMS.Selection.btn_dayCalculaor_Click(Object sender, EventArgs e) in C:\Users\daniel\source\repos\slide-bank-managemnt-system\SBMS\Selection.cs:line 484
2020-05-19 09:05:58.4312 SBMS.Selection checkout successfull: 
2020-05-19 09:06:14.6425 SBMS.Program importing defaults
2020-05-19 09:06:15.1748 SBMS.Program Default is found proceeding.
2020-05-19 09:29:24.1151 SBMS.Program importing defaults
2020-05-19 09:29:24.7153 SBMS.Program Default is found proceeding.
2020-05-19 09:29:45.5167 SBMS.Selection Search Result for  count:1
2020-05-19 09:38:00.2344 SBMS.Selection checkout successfull: 
2020-05-19 09:38:34.1842 SBMS.Services.CheckinCheckoutService Exception at CheckinCheckoutServicesSystem.Data.SqlClient.SqlException (0x80131904): Incorrect syntax near 'slide_id'.
   at System.Data.SqlClient.SqlConnection.OnError(SqlException exception, Boolean breakConnection, Action`1 wrapCloseInAction)
   at System.Data.SqlClient.SqlInternalConnection.OnError(SqlException exception, Boolean breakConnection, Action`1 wrapCloseInAction)
   at System.Data.SqlClient.TdsParser.ThrowExceptionAndWarning(TdsParserStateObject stateObj, Boolean callerHasConnectionLock, Boolean asyncClose)
   at System.Data.SqlClient.TdsParser.TryRun(RunBehavior runBehavior, SqlCommand cmdHandler, SqlDataReader dataStream, BulkCopySimpleResultSet bulkCopyHandler, TdsParserStateObject stateObj, Boolean& dataReady)
   at System.Data.SqlClient.SqlCommand.FinishExecuteReader(SqlDataReader ds, RunBehavior runBehavior, String resetOptionsString, Boolean isInternal, Boolean forDescribeParameterEncryption, Boolean shouldCacheForAlwaysEncrypted)
   at System.Data.SqlClient.SqlCommand.RunExecuteReaderTds(CommandBehavior cmdBehavior, RunBehavior runBehavior, Boolean returnStream, Boolean async, Int32 timeout, Task& task, Boolean asyncWrite, Boolean inRetry, SqlDataReader ds, Boolean describeParameterEncryptionRequest)
   at System.Data.SqlClient.SqlCommand.RunExecuteReader(CommandBehavior cmdBehavior, RunBehavior runBehavior, Boolean returnStream, String method, TaskCompletionSource`1 completion, Int32 timeout, Task& task, Boolean& usedCache, Boolean asyncWrite, Boolean inRetry)
   at System.Data.SqlClient.SqlCommand.InternalExecuteNonQuery(TaskCompletionSource`1 completion, String methodName, Boolean sendToPipe, Int32 timeout, Boolean& usedCache, Boolean asyncWrite, Boolean inRetry)
   at System.Data.SqlClient.SqlCommand.ExecuteNonQuery()
   at SBMS.Services.CheckinCheckoutService.<>c__DisplayClass2_2.<checkoutbySlideOutForExchange>b__1(Int32 sid) in C:\Users\daniel\source\repos\slide-bank-managemnt-system\SBMS\Services\CheckinCheckoutService.cs:line 223
ClientConnectionId:b3e520cb-c78c-4e60-bd81-a5c82fbeeb3e
Error Number:102,State:1,Class:15
2020-05-19 09:38:34.2191 SBMS.Selection Search excpetion for user {UserAccountServices.Full_name}   at SBMS.Selection.btn_checkout_Click(Object sender, EventArgs e) in C:\Users\daniel\source\repos\slide-bank-managemnt-system\SBMS\Selection.cs:line 455System.NullReferenceException: Object reference not set to an instance of an object.
   at SBMS.Selection.btn_checkout_Click(Object sender, EventArgs e) in C:\Users\daniel\source\repos\slide-bank-managemnt-system\SBMS\Selection.cs:line 455
2020-05-19 09:40:48.3039 SBMS.Program importing defaults
2020-05-19 09:40:48.5482 SBMS.Program Default is found proceeding.
2020-05-19 09:41:11.2721 SBMS.Selection checkout successfull: 
2020-05-19 10:16:30.9978 SBMS.Program importing defaults
2020-05-19 10:16:31.2681 SBMS.Program Default is found proceeding.
2020-05-19 10:17:15.7949 SBMS.Selection checkout successfull: 
2020-05-19 10:18:07.0673 SBMS.Services.CheckinCheckoutService Exception at CheckinCheckoutServicesSystem.Data.SqlClient.SqlException (0x80131904): Incorrect syntax near 'slide_id'.
   at System.Data.SqlClient.SqlConnection.OnError(SqlException exception, Boolean breakConnection, Action`1 wrapCloseInAction)
   at System.Data.SqlClient.SqlInternalConnection.OnError(SqlException exception, Boolean breakConnection, Action`1 wrapCloseInAction)
   at System.Data.SqlClient.TdsParser.ThrowExceptionAndWarning(TdsParserStateObject stateObj, Boolean callerHasConnectionLock, Boolean asyncClose)
   at System.Data.SqlClient.TdsParser.TryRun(RunBehavior runBehavior, SqlCommand cmdHandler, SqlDataReader dataStream, BulkCopySimpleResultSet bulkCopyHandler, TdsParserStateObject stateObj, Boolean& dataReady)
   at System.Data.SqlClient.SqlCommand.FinishExecuteReader(SqlDataReader ds, RunBehavior runBehavior, String resetOptionsString, Boolean isInternal, Boolean forDescribeParameterEncryption, Boolean shouldCacheForAlwaysEncrypted)
   at System.Data.SqlClient.SqlCommand.RunExecuteReaderTds(CommandBehavior cmdBehavior, RunBehavior runBehavior, Boolean returnStream, Boolean async, Int32 timeout, Task& task, Boolean asyncWrite, Boolean inRetry, SqlDataReader ds, Boolean describeParameterEncryptionRequest)
   at System.Data.SqlClient.SqlCommand.RunExecuteReader(CommandBehavior cmdBehavior, RunBehavior runBehavior, Boolean returnStream, String method, TaskCompletionSource`1 completion, Int32 timeout, Task& task, Boolean& usedCache, Boolean asyncWrite, Boolean inRetry)
   at System.Data.SqlClient.SqlCommand.InternalExecuteNonQuery(TaskCompletionSource`1 completion, String methodName, Boolean sendToPipe, Int32 timeout, Boolean& usedCache, Boolean asyncWrite, Boolean inRetry)
   at System.Data.SqlClient.SqlCommand.ExecuteNonQuery()
   at SBMS.Services.CheckinCheckoutService.checkoutbySlideOutForExchange(Int32 exchanged_contact_id, List`1 ids, String reason) in C:\Users\daniel\source\repos\slide-bank-managemnt-system\SBMS\Services\CheckinCheckoutService.cs:line 236
ClientConnectionId:5389465b-8c97-45b3-8a34-8ab160a7e814
Error Number:102,State:1,Class:15
2020-05-19 10:21:28.6524 SBMS.Program importing defaults
2020-05-19 10:21:28.9640 SBMS.Program Default is found proceeding.
2020-05-19 10:21:58.5960 SBMS.Selection Search Result for  count:1
2020-05-19 10:22:07.6747 SBMS.Selection checkout successfull: 
2020-05-19 10:22:38.9526 SBMS.Services.CheckinCheckoutService Exception at CheckinCheckoutServicesSystem.Data.SqlClient.SqlException (0x80131904): Incorrect syntax near 'slide_id'.
   at System.Data.SqlClient.SqlConnection.OnError(SqlException exception, Boolean breakConnection, Action`1 wrapCloseInAction)
   at System.Data.SqlClient.SqlInternalConnection.OnError(SqlException exception, Boolean breakConnection, Action`1 wrapCloseInAction)
   at System.Data.SqlClient.TdsParser.ThrowExceptionAndWarning(TdsParserStateObject stateObj, Boolean callerHasConnectionLock, Boolean asyncClose)
   at System.Data.SqlClient.TdsParser.TryRun(RunBehavior runBehavior, SqlCommand cmdHandler, SqlDataReader dataStream, BulkCopySimpleResultSet bulkCopyHandler, TdsParserStateObject stateObj, Boolean& dataReady)
   at System.Data.SqlClient.SqlCommand.FinishExecuteReader(SqlDataReader ds, RunBehavior runBehavior, String resetOptionsString, Boolean isInternal, Boolean forDescribeParameterEncryption, Boolean shouldCacheForAlwaysEncrypted)
   at System.Data.SqlClient.SqlCommand.RunExecuteReaderTds(CommandBehavior cmdBehavior, RunBehavior runBehavior, Boolean returnStream, Boolean async, Int32 timeout, Task& task, Boolean asyncWrite, Boolean inRetry, SqlDataReader ds, Boolean describeParameterEncryptionRequest)
   at System.Data.SqlClient.SqlCommand.RunExecuteReader(CommandBehavior cmdBehavior, RunBehavior runBehavior, Boolean returnStream, String method, TaskCompletionSource`1 completion, Int32 timeout, Task& task, Boolean& usedCache, Boolean asyncWrite, Boolean inRetry)
   at System.Data.SqlClient.SqlCommand.InternalExecuteNonQuery(TaskCompletionSource`1 completion, String methodName, Boolean sendToPipe, Int32 timeout, Boolean& usedCache, Boolean asyncWrite, Boolean inRetry)
   at System.Data.SqlClient.SqlCommand.ExecuteNonQuery()
   at SBMS.Services.CheckinCheckoutService.checkoutbySlideOutForExchange(Int32 exchanged_contact_id, List`1 ids, String reason) in C:\Users\daniel\source\repos\slide-bank-managemnt-system\SBMS\Services\CheckinCheckoutService.cs:line 236
ClientConnectionId:5ce1b999-0891-4a2f-b795-18611d47eb0a
Error Number:102,State:1,Class:15
2020-05-19 10:24:08.4550 SBMS.Program importing defaults
2020-05-19 10:24:08.6884 SBMS.Program Default is found proceeding.
2020-05-19 10:24:16.9812 SBMS.Selection Search Result for  count:1
2020-05-19 10:24:32.3562 SBMS.Selection checkout successfull: 
2020-05-19 10:28:29.7947 SBMS.Program importing defaults
2020-05-19 10:28:30.0799 SBMS.Program Default is found proceeding.
