2020-05-21 11:36:25.0097 SBMS.Reports.CrystalReports.ExchangeCheckoutReportViewPort Checkout Report generation has some expectionsSystem.Data.SqlClient.SqlException (0x80131904): Incorrect syntax near ')'.
   at System.Data.SqlClient.SqlConnection.OnError(SqlException exception, Boolean breakConnection, Action`1 wrapCloseInAction)
   at System.Data.SqlClient.SqlInternalConnection.OnError(SqlException exception, Boolean breakConnection, Action`1 wrapCloseInAction)
   at System.Data.SqlClient.TdsParser.ThrowExceptionAndWarning(TdsParserStateObject stateObj, Boolean callerHasConnectionLock, Boolean asyncClose)
   at System.Data.SqlClient.TdsParser.TryRun(RunBehavior runBehavior, SqlCommand cmdHandler, SqlDataReader dataStream, BulkCopySimpleResultSet bulkCopyHandler, TdsParserStateObject stateObj, Boolean& dataReady)
   at System.Data.SqlClient.SqlDataReader.TryConsumeMetaData()
   at System.Data.SqlClient.SqlDataReader.get_MetaData()
   at System.Data.SqlClient.SqlCommand.FinishExecuteReader(SqlDataReader ds, RunBehavior runBehavior, String resetOptionsString, Boolean isInternal, Boolean forDescribeParameterEncryption, Boolean shouldCacheForAlwaysEncrypted)
   at System.Data.SqlClient.SqlCommand.RunExecuteReaderTds(CommandBehavior cmdBehavior, RunBehavior runBehavior, Boolean returnStream, Boolean async, Int32 timeout, Task& task, Boolean asyncWrite, Boolean inRetry, SqlDataReader ds, Boolean describeParameterEncryptionRequest)
   at System.Data.SqlClient.SqlCommand.RunExecuteReader(CommandBehavior cmdBehavior, RunBehavior runBehavior, Boolean returnStream, String method, TaskCompletionSource`1 completion, Int32 timeout, Task& task, Boolean& usedCache, Boolean asyncWrite, Boolean inRetry)
   at System.Data.SqlClient.SqlCommand.RunExecuteReader(CommandBehavior cmdBehavior, RunBehavior runBehavior, Boolean returnStream, String method)
   at System.Data.SqlClient.SqlCommand.ExecuteReader(CommandBehavior behavior, String method)
   at System.Data.SqlClient.SqlCommand.ExecuteDbDataReader(CommandBehavior behavior)
   at System.Data.Common.DbCommand.System.Data.IDbCommand.ExecuteReader(CommandBehavior behavior)
   at System.Data.Common.DbDataAdapter.FillInternal(DataSet dataset, DataTable[] datatables, Int32 startRecord, Int32 maxRecords, String srcTable, IDbCommand command, CommandBehavior behavior)
   at System.Data.Common.DbDataAdapter.Fill(DataTable[] dataTables, Int32 startRecord, Int32 maxRecords, IDbCommand command, CommandBehavior behavior)
   at System.Data.Common.DbDataAdapter.Fill(DataTable dataTable)
   at SBMS.Reports.CrystalReports.ExchangeCheckoutReportViewPort.ExchangeCheckoutReportViewPort_Load(Object sender, EventArgs e) in C:\Users\daniel\source\repos\slide-bank-managemnt-system\SBMS\Reports\CrystalReports\ExchangeChekoutReportViewPort.cs:line 50
ClientConnectionId:302843be-b130-44e4-b0ba-aa4f9fc5c574
Error Number:102,State:1,Class:15
2020-05-21 11:36:59.5553 SBMS.Program importing defaults
2020-05-21 11:36:59.7474 SBMS.Program Default is found proceeding.
2020-05-21 11:37:00.1574 SBMS.Reports.CrystalReports.ExchangeCheckoutReportViewPort Checkout Report generation has some expectionsSystem.Data.SqlClient.SqlException (0x80131904): Incorrect syntax near ')'.
   at System.Data.SqlClient.SqlConnection.OnError(SqlException exception, Boolean breakConnection, Action`1 wrapCloseInAction)
   at System.Data.SqlClient.SqlInternalConnection.OnError(SqlException exception, Boolean breakConnection, Action`1 wrapCloseInAction)
   at System.Data.SqlClient.TdsParser.ThrowExceptionAndWarning(TdsParserStateObject stateObj, Boolean callerHasConnectionLock, Boolean asyncClose)
   at System.Data.SqlClient.TdsParser.TryRun(RunBehavior runBehavior, SqlCommand cmdHandler, SqlDataReader dataStream, BulkCopySimpleResultSet bulkCopyHandler, TdsParserStateObject stateObj, Boolean& dataReady)
   at System.Data.SqlClient.SqlDataReader.TryConsumeMetaData()
   at System.Data.SqlClient.SqlDataReader.get_MetaData()
   at System.Data.SqlClient.SqlCommand.FinishExecuteReader(SqlDataReader ds, RunBehavior runBehavior, String resetOptionsString, Boolean isInternal, Boolean forDescribeParameterEncryption, Boolean shouldCacheForAlwaysEncrypted)
   at System.Data.SqlClient.SqlCommand.RunExecuteReaderTds(CommandBehavior cmdBehavior, RunBehavior runBehavior, Boolean returnStream, Boolean async, Int32 timeout, Task& task, Boolean asyncWrite, Boolean inRetry, SqlDataReader ds, Boolean describeParameterEncryptionRequest)
   at System.Data.SqlClient.SqlCommand.RunExecuteReader(CommandBehavior cmdBehavior, RunBehavior runBehavior, Boolean returnStream, String method, TaskCompletionSource`1 completion, Int32 timeout, Task& task, Boolean& usedCache, Boolean asyncWrite, Boolean inRetry)
   at System.Data.SqlClient.SqlCommand.RunExecuteReader(CommandBehavior cmdBehavior, RunBehavior runBehavior, Boolean returnStream, String method)
   at System.Data.SqlClient.SqlCommand.ExecuteReader(CommandBehavior behavior, String method)
   at System.Data.SqlClient.SqlCommand.ExecuteDbDataReader(CommandBehavior behavior)
   at System.Data.Common.DbCommand.System.Data.IDbCommand.ExecuteReader(CommandBehavior behavior)
   at System.Data.Common.DbDataAdapter.FillInternal(DataSet dataset, DataTable[] datatables, Int32 startRecord, Int32 maxRecords, String srcTable, IDbCommand command, CommandBehavior behavior)
   at System.Data.Common.DbDataAdapter.Fill(DataTable[] dataTables, Int32 startRecord, Int32 maxRecords, IDbCommand command, CommandBehavior behavior)
   at System.Data.Common.DbDataAdapter.Fill(DataTable dataTable)
   at SBMS.Reports.CrystalReports.ExchangeCheckoutReportViewPort.ExchangeCheckoutReportViewPort_Load(Object sender, EventArgs e) in C:\Users\daniel\source\repos\slide-bank-managemnt-system\SBMS\Reports\CrystalReports\ExchangeChekoutReportViewPort.cs:line 50
ClientConnectionId:ce2e1835-97b5-4af6-90b9-5adeae95c1e8
Error Number:102,State:1,Class:15
2020-05-21 11:37:13.2817 SBMS.Program importing defaults
2020-05-21 11:37:13.4233 SBMS.Program Default is found proceeding.
2020-05-21 11:38:42.6468 SBMS.Program importing defaults
2020-05-21 11:38:42.7523 SBMS.Program Default is found proceeding.
2020-05-21 11:40:19.4501 SBMS.Program importing defaults
2020-05-21 11:40:19.5534 SBMS.Program Default is found proceeding.
2020-05-21 11:42:39.3136 SBMS.Program importing defaults
2020-05-21 11:42:39.4505 SBMS.Program Default is found proceeding.
2020-05-21 11:43:47.1046 SBMS.Program importing defaults
2020-05-21 11:43:47.2106 SBMS.Program Default is found proceeding.
2020-05-21 11:43:51.1925 SBMS.Selection Search Result for  count:1
2020-05-21 11:44:06.1314 SBMS.Selection checkout started ids are not null: 
2020-05-21 11:44:06.1972 SBMS.Services.CheckinCheckoutService SUCCESS COMMIT:Tripple record commits or transactions are written to database.
2020-05-21 11:47:12.7481 SBMS.Program importing defaults
2020-05-21 11:47:12.8853 SBMS.Program Default is found proceeding.
2020-05-21 11:56:22.6663 SBMS.Program importing defaults
2020-05-21 11:56:22.7877 SBMS.Program Default is found proceeding.
2020-05-21 11:56:29.2881 SBMS.Selection Search Result for  count:1
2020-05-21 11:56:40.9173 SBMS.Selection Search Result for  count:2
2020-05-21 11:57:19.5709 SBMS.Program importing defaults
2020-05-21 11:57:19.7412 SBMS.Program Default is found proceeding.
2020-05-21 11:57:30.5443 SBMS.Selection Search Result for  count:1
2020-05-21 11:57:35.5462 SBMS.Selection Search Result for  count:1
2020-05-21 11:57:36.2936 SBMS.Selection Search Result for  count:1
2020-05-21 11:57:38.3172 SBMS.Selection Search Result for  count:0
2020-05-21 11:57:42.2562 SBMS.Selection Search Result for  count:1
2020-05-21 11:57:58.8512 SBMS.Program importing defaults
2020-05-21 11:57:58.9631 SBMS.Program Default is found proceeding.
2020-05-21 12:02:03.1662 SBMS.Program importing defaults
2020-05-21 12:02:03.2804 SBMS.Program Default is found proceeding.
2020-05-21 12:02:09.0008 SBMS.Selection Search Result for  count:1
2020-05-21 12:02:19.3902 SBMS.Program importing defaults
2020-05-21 12:02:19.5141 SBMS.Program Default is found proceeding.
2020-05-21 12:05:03.1407 SBMS.Program importing defaults
2020-05-21 12:05:03.2584 SBMS.Program Default is found proceeding.
2020-05-21 12:05:21.8391 SBMS.Program see application log error for the cause of this error 
System.NullReferenceException: Object reference not set to an instance of an object.
   at SBMS.Selection.btn_generate_Click(Object sender, EventArgs e)
   at System.Windows.Forms.Control.OnClick(EventArgs e)
   at System.Windows.Forms.Button.OnClick(EventArgs e)
   at System.Windows.Forms.Button.OnMouseUp(MouseEventArgs mevent)
   at System.Windows.Forms.Control.WmMouseUp(Message& m, MouseButtons button, Int32 clicks)
   at System.Windows.Forms.Control.WndProc(Message& m)
   at System.Windows.Forms.ButtonBase.WndProc(Message& m)
   at System.Windows.Forms.Button.WndProc(Message& m)
   at System.Windows.Forms.Control.ControlNativeWindow.OnMessage(Message& m)
   at System.Windows.Forms.Control.ControlNativeWindow.WndProc(Message& m)
   at System.Windows.Forms.NativeWindow.DebuggableCallback(IntPtr hWnd, Int32 msg, IntPtr wparam, IntPtr lparam)
   at System.Windows.Forms.UnsafeNativeMethods.DispatchMessageW(MSG& msg)
   at System.Windows.Forms.Application.ComponentManager.System.Windows.Forms.UnsafeNativeMethods.IMsoComponentManager.FPushMessageLoop(IntPtr dwComponentID, Int32 reason, Int32 pvLoopData)
   at System.Windows.Forms.Application.ThreadContext.RunMessageLoopInner(Int32 reason, ApplicationContext context)
   at System.Windows.Forms.Application.ThreadContext.RunMessageLoop(Int32 reason, ApplicationContext context)
   at System.Windows.Forms.Application.Run(Form mainForm)
   at SBMS.Program.Main()
2020-05-21 12:10:26.8377 SBMS.Program importing defaults
2020-05-21 12:10:26.9583 SBMS.Program Default is found proceeding.
2020-05-21 12:10:31.0412 SBMS.Selection Search Result for  count:0
2020-05-21 12:10:35.9406 SBMS.Selection Search Result for  count:1
2020-05-21 12:10:41.2992 SBMS.Selection Search Result for  count:1
2020-05-21 12:10:42.6503 SBMS.Selection Search Result for  count:1
