2020-05-19 15:29:16.7321 SBMS.Services.CheckinCheckoutService Exception at CheckinCheckoutServicesSystem.Data.SqlClient.SqlException (0x80131904): Incorrect syntax near 'slide_id'.
   at System.Data.SqlClient.SqlConnection.OnError(SqlException exception, Boolean breakConnection, Action`1 wrapCloseInAction)
   at System.Data.SqlClient.SqlInternalConnection.OnError(SqlException exception, Boolean breakConnection, Action`1 wrapCloseInAction)
   at System.Data.SqlClient.TdsParser.ThrowExceptionAndWarning(TdsParserStateObject stateObj, Boolean callerHasConnectionLock, Boolean asyncClose)
   at System.Data.SqlClient.TdsParser.TryRun(RunBehavior runBehavior, SqlCommand cmdHandler, SqlDataReader dataStream, BulkCopySimpleResultSet bulkCopyHandler, TdsParserStateObject stateObj, Boolean& dataReady)
   at System.Data.SqlClient.SqlCommand.FinishExecuteReader(SqlDataReader ds, RunBehavior runBehavior, String resetOptionsString, Boolean isInternal, Boolean forDescribeParameterEncryption, Boolean shouldCacheForAlwaysEncrypted)
   at System.Data.SqlClient.SqlCommand.RunExecuteReaderTds(CommandBehavior cmdBehavior, RunBehavior runBehavior, Boolean returnStream, Boolean async, Int32 timeout, Task& task, Boolean asyncWrite, Boolean inRetry, SqlDataReader ds, Boolean describeParameterEncryptionRequest)
   at System.Data.SqlClient.SqlCommand.RunExecuteReader(CommandBehavior cmdBehavior, RunBehavior runBehavior, Boolean returnStream, String method, TaskCompletionSource`1 completion, Int32 timeout, Task& task, Boolean& usedCache, Boolean asyncWrite, Boolean inRetry)
   at System.Data.SqlClient.SqlCommand.InternalExecuteNonQuery(TaskCompletionSource`1 completion, String methodName, Boolean sendToPipe, Int32 timeout, Boolean& usedCache, Boolean asyncWrite, Boolean inRetry)
   at System.Data.SqlClient.SqlCommand.ExecuteNonQuery()
   at SBMS.Services.CheckinCheckoutService.checkoutbySlideOutForExchange(Int32 exchanged_contact_id, List`1 ids, String reason) in C:\Users\daniel\source\repos\slide-bank-managemnt-system\SBMS\Services\CheckinCheckoutService.cs:line 240
ClientConnectionId:e23b3058-2375-4aff-be81-2259fe0c2412
Error Number:102,State:1,Class:15
2020-05-19 15:58:49.4796 SBMS.Program importing defaults
2020-05-19 15:58:49.6481 SBMS.Program Default is found proceeding.
2020-05-19 15:59:02.8406 SBMS.Selection Search Result for  count:0
2020-05-19 15:59:17.6290 SBMS.Selection Search Result for  count:0
2020-05-19 15:59:21.9206 SBMS.Selection Search Result for  count:0
2020-05-19 15:59:26.1832 SBMS.Selection Search Result for  count:1
2020-05-19 15:59:33.9853 SBMS.Selection checkout successfull: 
2020-05-19 16:00:07.1559 SBMS.Services.CheckinCheckoutService Exception at CheckinCheckoutServicesSystem.Data.SqlClient.SqlException (0x80131904): Incorrect syntax near 'slide_id'.
   at System.Data.SqlClient.SqlConnection.OnError(SqlException exception, Boolean breakConnection, Action`1 wrapCloseInAction)
   at System.Data.SqlClient.SqlInternalConnection.OnError(SqlException exception, Boolean breakConnection, Action`1 wrapCloseInAction)
   at System.Data.SqlClient.TdsParser.ThrowExceptionAndWarning(TdsParserStateObject stateObj, Boolean callerHasConnectionLock, Boolean asyncClose)
   at System.Data.SqlClient.TdsParser.TryRun(RunBehavior runBehavior, SqlCommand cmdHandler, SqlDataReader dataStream, BulkCopySimpleResultSet bulkCopyHandler, TdsParserStateObject stateObj, Boolean& dataReady)
   at System.Data.SqlClient.SqlCommand.FinishExecuteReader(SqlDataReader ds, RunBehavior runBehavior, String resetOptionsString, Boolean isInternal, Boolean forDescribeParameterEncryption, Boolean shouldCacheForAlwaysEncrypted)
   at System.Data.SqlClient.SqlCommand.RunExecuteReaderTds(CommandBehavior cmdBehavior, RunBehavior runBehavior, Boolean returnStream, Boolean async, Int32 timeout, Task& task, Boolean asyncWrite, Boolean inRetry, SqlDataReader ds, Boolean describeParameterEncryptionRequest)
   at System.Data.SqlClient.SqlCommand.RunExecuteReader(CommandBehavior cmdBehavior, RunBehavior runBehavior, Boolean returnStream, String method, TaskCompletionSource`1 completion, Int32 timeout, Task& task, Boolean& usedCache, Boolean asyncWrite, Boolean inRetry)
   at System.Data.SqlClient.SqlCommand.InternalExecuteNonQuery(TaskCompletionSource`1 completion, String methodName, Boolean sendToPipe, Int32 timeout, Boolean& usedCache, Boolean asyncWrite, Boolean inRetry)
   at System.Data.SqlClient.SqlCommand.ExecuteNonQuery()
   at SBMS.Services.CheckinCheckoutService.checkoutbySlideOutForExchange(Int32 exchanged_contact_id, List`1 ids, String reason) in C:\Users\daniel\source\repos\slide-bank-managemnt-system\SBMS\Services\CheckinCheckoutService.cs:line 240
ClientConnectionId:9e9a982b-0bad-4a11-8525-0de3ad372f2a
Error Number:102,State:1,Class:15
2020-05-19 17:10:46.2434 SBMS.Program importing defaults
2020-05-19 17:10:46.5297 SBMS.Program Default is found proceeding.
2020-05-19 17:13:01.1609 SBMS.Selection Search Result for  count:1
2020-05-19 17:13:19.8479 SBMS.Selection checkout started ids are not null: 
2020-05-19 17:13:39.3438 SBMS.Selection Search excpetion for user {UserAccountServices.Full_name}   at System.Data.Common.DbDataAdapter.GetConnection3(DbDataAdapter adapter, IDbCommand command, String method)
   at System.Data.Common.DbDataAdapter.FillInternal(DataSet dataset, DataTable[] datatables, Int32 startRecord, Int32 maxRecords, String srcTable, IDbCommand command, CommandBehavior behavior)
   at System.Data.Common.DbDataAdapter.Fill(DataTable[] dataTables, Int32 startRecord, Int32 maxRecords, IDbCommand command, CommandBehavior behavior)
   at System.Data.Common.DbDataAdapter.Fill(DataTable dataTable)
   at SBMS.Services.SearchAndFilterService.SearchSlideById(Int32 id)
   at SBMS.Services.CheckinCheckoutService.checkoutbySlideOutForExchange(Int32 exchanged_contact_id, List`1 ids, String reason)
   at SBMS.Selection.btn_checkout_Click(Object sender, EventArgs e)System.InvalidOperationException: Fill: SelectCommand.Connection property has not been initialized.
   at System.Data.Common.DbDataAdapter.GetConnection3(DbDataAdapter adapter, IDbCommand command, String method)
   at System.Data.Common.DbDataAdapter.FillInternal(DataSet dataset, DataTable[] datatables, Int32 startRecord, Int32 maxRecords, String srcTable, IDbCommand command, CommandBehavior behavior)
   at System.Data.Common.DbDataAdapter.Fill(DataTable[] dataTables, Int32 startRecord, Int32 maxRecords, IDbCommand command, CommandBehavior behavior)
   at System.Data.Common.DbDataAdapter.Fill(DataTable dataTable)
   at SBMS.Services.SearchAndFilterService.SearchSlideById(Int32 id)
   at SBMS.Services.CheckinCheckoutService.checkoutbySlideOutForExchange(Int32 exchanged_contact_id, List`1 ids, String reason)
   at SBMS.Selection.btn_checkout_Click(Object sender, EventArgs e)
2020-05-19 17:14:48.9585 SBMS.Program importing defaults
2020-05-19 17:14:49.0642 SBMS.Program Default is found proceeding.
2020-05-19 17:14:55.9910 SBMS.Selection Search Result for  count:1
2020-05-19 17:15:13.3884 SBMS.Selection checkout started ids are not null: 
2020-05-19 17:18:19.4595 SBMS.Program importing defaults
2020-05-19 17:18:19.6331 SBMS.Program Default is found proceeding.
2020-05-19 17:18:28.3374 SBMS.Selection Search Result for  count:1
2020-05-19 17:18:41.2978 SBMS.Selection checkout started ids are not null: 
2020-05-19 17:21:48.4726 SBMS.Program importing defaults
2020-05-19 17:21:48.5982 SBMS.Program Default is found proceeding.
2020-05-19 17:22:08.3951 SBMS.Selection Search Result for  count:1
2020-05-19 17:22:14.3163 SBMS.Selection checkout started ids are not null: 
2020-05-19 17:22:18.7484 SBMS.Selection Search Checkout Search   at System.Data.DataRow.GetDataColumn(String columnName)
   at System.Data.DataRow.get_Item(String columnName)
   at SBMS.Services.CheckinCheckoutService.checkoutbySlideOutForExchange(Int32 exchanged_contact_id, List`1 ids, String reason) in C:\Users\daniel\source\repos\slide-bank-managemnt-system\SBMS\Services\CheckinCheckoutService.cs:line 185
   at SBMS.Selection.btn_checkout_Click(Object sender, EventArgs e) in C:\Users\daniel\source\repos\slide-bank-managemnt-system\SBMS\Selection.cs:line 447System.ArgumentException: Column 'cabinet' does not belong to table .
   at System.Data.DataRow.GetDataColumn(String columnName)
   at System.Data.DataRow.get_Item(String columnName)
   at SBMS.Services.CheckinCheckoutService.checkoutbySlideOutForExchange(Int32 exchanged_contact_id, List`1 ids, String reason) in C:\Users\daniel\source\repos\slide-bank-managemnt-system\SBMS\Services\CheckinCheckoutService.cs:line 185
   at SBMS.Selection.btn_checkout_Click(Object sender, EventArgs e) in C:\Users\daniel\source\repos\slide-bank-managemnt-system\SBMS\Selection.cs:line 447
2020-05-19 17:23:44.3898 SBMS.Program importing defaults
2020-05-19 17:23:44.4796 SBMS.Program Default is found proceeding.
2020-05-19 17:23:59.0433 SBMS.Selection Search Result for  count:1
2020-05-19 17:24:27.5649 SBMS.Selection checkout started ids are not null: 
